ARM GAS  C:\Users\jdrd3\AppData\Local\Temp\cc6Nfq4g.s 			page 1


   1              		.syntax unified
   2              		.cpu cortex-m3
   3              		.fpu softvfp
   4              		.eabi_attribute 20, 1
   5              		.eabi_attribute 21, 1
   6              		.eabi_attribute 23, 3
   7              		.eabi_attribute 24, 1
   8              		.eabi_attribute 25, 1
   9              		.eabi_attribute 26, 1
  10              		.eabi_attribute 30, 1
  11              		.eabi_attribute 34, 1
  12              		.eabi_attribute 18, 4
  13              		.thumb
  14              		.syntax unified
  15              		.file	"main.c"
  16              		.text
  17              	.Ltext0:
  18              		.cfi_sections	.debug_frame
  19              		.global	__aeabi_i2d
  20              		.global	__aeabi_ddiv
  21              		.global	__aeabi_d2f
  22              		.global	__aeabi_f2d
  23              		.section	.text.main,"ax",%progbits
  24              		.align	2
  25              		.global	main
  26              		.thumb
  27              		.thumb_func
  28              		.type	main, %function
  29              	main:
  30              	.LFB64:
  31              		.file 1 "main.c"
   1:main.c        **** /* ========================================
   2:main.c        ****  *
   3:main.c        ****  * Copyright YOUR COMPANY, THE YEAR
   4:main.c        ****  * All Rights Reserved
   5:main.c        ****  * UNPUBLISHED, LICENSED SOFTWARE.
   6:main.c        ****  *
   7:main.c        ****  * CONFIDENTIAL AND PROPRIETARY INFORMATION
   8:main.c        ****  * WHICH IS THE PROPERTY OF your company.
   9:main.c        ****  *
  10:main.c        ****  * ========================================
  11:main.c        **** */
  12:main.c        **** #include "project.h"
  13:main.c        **** #include "stdio.h"
  14:main.c        **** 
  15:main.c        **** 
  16:main.c        **** int32 entero, voltaje;
  17:main.c        **** float temp;
  18:main.c        **** char str[16];
  19:main.c        **** 
  20:main.c        **** 
  21:main.c        **** int main(void)
  22:main.c        **** {
  32              		.loc 1 22 0
  33              		.cfi_startproc
  34              		@ Volatile: function does not return.
  35              		@ args = 0, pretend = 0, frame = 0
ARM GAS  C:\Users\jdrd3\AppData\Local\Temp\cc6Nfq4g.s 			page 2


  36              		@ frame_needed = 0, uses_anonymous_args = 0
  37 0000 80B5     		push	{r7, lr}
  38              		.cfi_def_cfa_offset 8
  39              		.cfi_offset 7, -8
  40              		.cfi_offset 14, -4
  23:main.c        ****     
  24:main.c        **** 
  25:main.c        ****     LCD_Start();
  41              		.loc 1 25 0
  42 0002 FFF7FEFF 		bl	LCD_Start
  43              	.LVL0:
  26:main.c        ****     Opamp_Start();
  44              		.loc 1 26 0
  45 0006 FFF7FEFF 		bl	Opamp_Start
  46              	.LVL1:
  27:main.c        ****     Opamp_1_Start();
  47              		.loc 1 27 0
  48 000a FFF7FEFF 		bl	Opamp_1_Start
  49              	.LVL2:
  28:main.c        ****     ADC_Start();
  50              		.loc 1 28 0
  51 000e FFF7FEFF 		bl	ADC_Start
  52              	.LVL3:
  29:main.c        ****     
  30:main.c        ****     LCD_Position(0,3);
  53              		.loc 1 30 0
  54 0012 0321     		movs	r1, #3
  55 0014 0020     		movs	r0, #0
  56 0016 FFF7FEFF 		bl	LCD_Position
  57              	.LVL4:
  31:main.c        ****     LCD_PrintString("LM35");
  58              		.loc 1 31 0
  59 001a 2F48     		ldr	r0, .L4
  60 001c FFF7FEFF 		bl	LCD_PrintString
  61              	.LVL5:
  32:main.c        ****     
  33:main.c        ****     CyGlobalIntEnable; /* Enable global interrupts. */
  62              		.loc 1 33 0
  63              		.syntax unified
  64              	@ 33 "main.c" 1
  65 0020 62B6     		CPSIE   i
  66              	@ 0 "" 2
  67              		.thumb
  68              		.syntax unified
  69              	.L2:
  34:main.c        **** 
  35:main.c        **** 
  36:main.c        ****     for(;;)
  37:main.c        ****     {
  38:main.c        ****         Mux_FastSelect(0);
  70              		.loc 1 38 0 discriminator 1
  71 0022 0020     		movs	r0, #0
  72 0024 FFF7FEFF 		bl	Mux_FastSelect
  73              	.LVL6:
  39:main.c        ****         ADC_StartConvert();
  74              		.loc 1 39 0 discriminator 1
  75 0028 FFF7FEFF 		bl	ADC_StartConvert
ARM GAS  C:\Users\jdrd3\AppData\Local\Temp\cc6Nfq4g.s 			page 3


  76              	.LVL7:
  40:main.c        ****         ADC_IsEndConversion(ADC_WAIT_FOR_RESULT);
  77              		.loc 1 40 0 discriminator 1
  78 002c 0020     		movs	r0, #0
  79 002e FFF7FEFF 		bl	ADC_IsEndConversion
  80              	.LVL8:
  41:main.c        ****         entero=ADC_GetResult32();
  81              		.loc 1 41 0 discriminator 1
  82 0032 FFF7FEFF 		bl	ADC_GetResult32
  83              	.LVL9:
  84 0036 294D     		ldr	r5, .L4+4
  85 0038 2860     		str	r0, [r5]
  42:main.c        ****         ADC_StopConvert();
  86              		.loc 1 42 0 discriminator 1
  87 003a FFF7FEFF 		bl	ADC_StopConvert
  88              	.LVL10:
  43:main.c        ****         
  44:main.c        ****         voltaje = ADC_CountsTo_mVolts(entero);
  89              		.loc 1 44 0 discriminator 1
  90 003e 2868     		ldr	r0, [r5]
  91 0040 FFF7FEFF 		bl	ADC_CountsTo_mVolts
  92              	.LVL11:
  93 0044 DFF8A880 		ldr	r8, .L4+24
  94 0048 C8F80000 		str	r0, [r8]
  45:main.c        ****         temp= voltaje/10.00;
  95              		.loc 1 45 0 discriminator 1
  96 004c FFF7FEFF 		bl	__aeabi_i2d
  97              	.LVL12:
  98 0050 0022     		movs	r2, #0
  99 0052 234B     		ldr	r3, .L4+8
 100 0054 FFF7FEFF 		bl	__aeabi_ddiv
 101              	.LVL13:
 102 0058 FFF7FEFF 		bl	__aeabi_d2f
 103              	.LVL14:
 104 005c 214F     		ldr	r7, .L4+12
 105 005e 3860     		str	r0, [r7]	@ float
  46:main.c        ****         
  47:main.c        ****         sprintf(str,"%.1fC" ,temp);
 106              		.loc 1 47 0 discriminator 1
 107 0060 FFF7FEFF 		bl	__aeabi_f2d
 108              	.LVL15:
 109 0064 204E     		ldr	r6, .L4+16
 110 0066 214C     		ldr	r4, .L4+20
 111 0068 0246     		mov	r2, r0
 112 006a 0B46     		mov	r3, r1
 113 006c 3146     		mov	r1, r6
 114 006e 2046     		mov	r0, r4
 115 0070 FFF7FEFF 		bl	sprintf
 116              	.LVL16:
  48:main.c        ****         LCD_Position(1,2);
 117              		.loc 1 48 0 discriminator 1
 118 0074 0221     		movs	r1, #2
 119 0076 0120     		movs	r0, #1
 120 0078 FFF7FEFF 		bl	LCD_Position
 121              	.LVL17:
  49:main.c        ****         LCD_PrintString(str);
 122              		.loc 1 49 0 discriminator 1
ARM GAS  C:\Users\jdrd3\AppData\Local\Temp\cc6Nfq4g.s 			page 4


 123 007c 2046     		mov	r0, r4
 124 007e FFF7FEFF 		bl	LCD_PrintString
 125              	.LVL18:
  50:main.c        ****         
  51:main.c        ****         
  52:main.c        ****         Mux_FastSelect(1);
 126              		.loc 1 52 0 discriminator 1
 127 0082 0120     		movs	r0, #1
 128 0084 FFF7FEFF 		bl	Mux_FastSelect
 129              	.LVL19:
  53:main.c        ****         ADC_StartConvert();
 130              		.loc 1 53 0 discriminator 1
 131 0088 FFF7FEFF 		bl	ADC_StartConvert
 132              	.LVL20:
  54:main.c        ****         ADC_IsEndConversion(ADC_WAIT_FOR_RESULT);
 133              		.loc 1 54 0 discriminator 1
 134 008c 0020     		movs	r0, #0
 135 008e FFF7FEFF 		bl	ADC_IsEndConversion
 136              	.LVL21:
  55:main.c        ****         entero=ADC_GetResult32();
 137              		.loc 1 55 0 discriminator 1
 138 0092 FFF7FEFF 		bl	ADC_GetResult32
 139              	.LVL22:
 140 0096 2860     		str	r0, [r5]
  56:main.c        ****         ADC_StopConvert();
 141              		.loc 1 56 0 discriminator 1
 142 0098 FFF7FEFF 		bl	ADC_StopConvert
 143              	.LVL23:
  57:main.c        ****         
  58:main.c        ****         voltaje = ADC_CountsTo_mVolts(entero);
 144              		.loc 1 58 0 discriminator 1
 145 009c 2868     		ldr	r0, [r5]
 146 009e FFF7FEFF 		bl	ADC_CountsTo_mVolts
 147              	.LVL24:
 148 00a2 C8F80000 		str	r0, [r8]
  59:main.c        ****         temp= voltaje/10.00;
 149              		.loc 1 59 0 discriminator 1
 150 00a6 FFF7FEFF 		bl	__aeabi_i2d
 151              	.LVL25:
 152 00aa 0022     		movs	r2, #0
 153 00ac 0C4B     		ldr	r3, .L4+8
 154 00ae FFF7FEFF 		bl	__aeabi_ddiv
 155              	.LVL26:
 156 00b2 FFF7FEFF 		bl	__aeabi_d2f
 157              	.LVL27:
 158 00b6 3860     		str	r0, [r7]	@ float
  60:main.c        ****         
  61:main.c        ****         sprintf(str,"%.1fC" ,temp);
 159              		.loc 1 61 0 discriminator 1
 160 00b8 FFF7FEFF 		bl	__aeabi_f2d
 161              	.LVL28:
 162 00bc 0246     		mov	r2, r0
 163 00be 0B46     		mov	r3, r1
 164 00c0 3146     		mov	r1, r6
 165 00c2 2046     		mov	r0, r4
 166 00c4 FFF7FEFF 		bl	sprintf
 167              	.LVL29:
ARM GAS  C:\Users\jdrd3\AppData\Local\Temp\cc6Nfq4g.s 			page 5


  62:main.c        ****         LCD_Position(1,9);
 168              		.loc 1 62 0 discriminator 1
 169 00c8 0921     		movs	r1, #9
 170 00ca 0120     		movs	r0, #1
 171 00cc FFF7FEFF 		bl	LCD_Position
 172              	.LVL30:
  63:main.c        ****         LCD_PrintString(str);
 173              		.loc 1 63 0 discriminator 1
 174 00d0 2046     		mov	r0, r4
 175 00d2 FFF7FEFF 		bl	LCD_PrintString
 176              	.LVL31:
 177 00d6 A4E7     		b	.L2
 178              	.L5:
 179              		.align	2
 180              	.L4:
 181 00d8 00000000 		.word	.LC0
 182 00dc 00000000 		.word	entero
 183 00e0 00002440 		.word	1076101120
 184 00e4 00000000 		.word	temp
 185 00e8 08000000 		.word	.LC1
 186 00ec 00000000 		.word	str
 187 00f0 00000000 		.word	voltaje
 188              		.cfi_endproc
 189              	.LFE64:
 190              		.size	main, .-main
 191              		.comm	str,16,4
 192              		.comm	temp,4,4
 193              		.comm	voltaje,4,4
 194              		.comm	entero,4,4
 195              		.section	.rodata.str1.4,"aMS",%progbits,1
 196              		.align	2
 197              	.LC0:
 198 0000 4C4D3335 		.ascii	"LM35\000"
 198      00
 199 0005 000000   		.space	3
 200              	.LC1:
 201 0008 252E3166 		.ascii	"%.1fC\000"
 201      4300
 202              		.text
 203              	.Letext0:
 204              		.file 2 "c:\\program files (x86)\\cypress\\psoc creator\\4.2\\psoc creator\\import\\gnu\\arm\\5.4.
 205              		.file 3 "c:\\program files (x86)\\cypress\\psoc creator\\4.2\\psoc creator\\import\\gnu\\arm\\5.4.
 206              		.file 4 "Generated_Source\\PSoC5/cytypes.h"
 207              		.file 5 "Generated_Source\\PSoC5/core_cm3.h"
 208              		.file 6 "Generated_Source\\PSoC5/LCD.h"
 209              		.file 7 "Generated_Source\\PSoC5/Opamp.h"
 210              		.file 8 "Generated_Source\\PSoC5/Opamp_1.h"
 211              		.file 9 "Generated_Source\\PSoC5/ADC.h"
 212              		.file 10 "Generated_Source\\PSoC5/Mux.h"
 213              		.file 11 "c:\\program files (x86)\\cypress\\psoc creator\\4.2\\psoc creator\\import\\gnu\\arm\\5.4
 214              		.section	.debug_info,"",%progbits
 215              	.Ldebug_info0:
 216 0000 2A030000 		.4byte	0x32a
 217 0004 0400     		.2byte	0x4
 218 0006 00000000 		.4byte	.Ldebug_abbrev0
 219 000a 04       		.byte	0x4
 220 000b 01       		.uleb128 0x1
ARM GAS  C:\Users\jdrd3\AppData\Local\Temp\cc6Nfq4g.s 			page 6


 221 000c 64000000 		.4byte	.LASF34
 222 0010 0C       		.byte	0xc
 223 0011 D7010000 		.4byte	.LASF35
 224 0015 08020000 		.4byte	.LASF36
 225 0019 00000000 		.4byte	.Ldebug_ranges0+0
 226 001d 00000000 		.4byte	0
 227 0021 00000000 		.4byte	.Ldebug_line0
 228 0025 02       		.uleb128 0x2
 229 0026 01       		.byte	0x1
 230 0027 06       		.byte	0x6
 231 0028 5B020000 		.4byte	.LASF0
 232 002c 02       		.uleb128 0x2
 233 002d 01       		.byte	0x1
 234 002e 08       		.byte	0x8
 235 002f 56000000 		.4byte	.LASF1
 236 0033 02       		.uleb128 0x2
 237 0034 02       		.byte	0x2
 238 0035 05       		.byte	0x5
 239 0036 FE010000 		.4byte	.LASF2
 240 003a 02       		.uleb128 0x2
 241 003b 02       		.byte	0x2
 242 003c 07       		.byte	0x7
 243 003d 1E000000 		.4byte	.LASF3
 244 0041 03       		.uleb128 0x3
 245 0042 00000000 		.4byte	.LASF9
 246 0046 02       		.byte	0x2
 247 0047 3F       		.byte	0x3f
 248 0048 4C000000 		.4byte	0x4c
 249 004c 02       		.uleb128 0x2
 250 004d 04       		.byte	0x4
 251 004e 05       		.byte	0x5
 252 004f 46020000 		.4byte	.LASF4
 253 0053 02       		.uleb128 0x2
 254 0054 04       		.byte	0x4
 255 0055 07       		.byte	0x7
 256 0056 4F010000 		.4byte	.LASF5
 257 005a 02       		.uleb128 0x2
 258 005b 08       		.byte	0x8
 259 005c 05       		.byte	0x5
 260 005d C9010000 		.4byte	.LASF6
 261 0061 02       		.uleb128 0x2
 262 0062 08       		.byte	0x8
 263 0063 07       		.byte	0x7
 264 0064 8A010000 		.4byte	.LASF7
 265 0068 04       		.uleb128 0x4
 266 0069 04       		.byte	0x4
 267 006a 05       		.byte	0x5
 268 006b 696E7400 		.ascii	"int\000"
 269 006f 02       		.uleb128 0x2
 270 0070 04       		.byte	0x4
 271 0071 07       		.byte	0x7
 272 0072 7D010000 		.4byte	.LASF8
 273 0076 03       		.uleb128 0x3
 274 0077 B8010000 		.4byte	.LASF10
 275 007b 03       		.byte	0x3
 276 007c 2C       		.byte	0x2c
 277 007d 41000000 		.4byte	0x41
ARM GAS  C:\Users\jdrd3\AppData\Local\Temp\cc6Nfq4g.s 			page 7


 278 0081 05       		.uleb128 0x5
 279 0082 1C010000 		.4byte	.LASF11
 280 0086 04       		.byte	0x4
 281 0087 E901     		.2byte	0x1e9
 282 0089 4C000000 		.4byte	0x4c
 283 008d 02       		.uleb128 0x2
 284 008e 04       		.byte	0x4
 285 008f 04       		.byte	0x4
 286 0090 46000000 		.4byte	.LASF12
 287 0094 02       		.uleb128 0x2
 288 0095 08       		.byte	0x8
 289 0096 04       		.byte	0x4
 290 0097 3F000000 		.4byte	.LASF13
 291 009b 02       		.uleb128 0x2
 292 009c 01       		.byte	0x1
 293 009d 08       		.byte	0x8
 294 009e DE010000 		.4byte	.LASF14
 295 00a2 02       		.uleb128 0x2
 296 00a3 08       		.byte	0x8
 297 00a4 04       		.byte	0x4
 298 00a5 4F020000 		.4byte	.LASF15
 299 00a9 02       		.uleb128 0x2
 300 00aa 04       		.byte	0x4
 301 00ab 07       		.byte	0x7
 302 00ac C0010000 		.4byte	.LASF16
 303 00b0 06       		.uleb128 0x6
 304 00b1 61010000 		.4byte	.LASF37
 305 00b5 01       		.byte	0x1
 306 00b6 15       		.byte	0x15
 307 00b7 68000000 		.4byte	0x68
 308 00bb 00000000 		.4byte	.LFB64
 309 00bf F4000000 		.4byte	.LFE64-.LFB64
 310 00c3 01       		.uleb128 0x1
 311 00c4 9C       		.byte	0x9c
 312 00c5 39020000 		.4byte	0x239
 313 00c9 07       		.uleb128 0x7
 314 00ca 06000000 		.4byte	.LVL0
 315 00ce 9E020000 		.4byte	0x29e
 316 00d2 07       		.uleb128 0x7
 317 00d3 0A000000 		.4byte	.LVL1
 318 00d7 A9020000 		.4byte	0x2a9
 319 00db 07       		.uleb128 0x7
 320 00dc 0E000000 		.4byte	.LVL2
 321 00e0 B4020000 		.4byte	0x2b4
 322 00e4 07       		.uleb128 0x7
 323 00e5 12000000 		.4byte	.LVL3
 324 00e9 BF020000 		.4byte	0x2bf
 325 00ed 08       		.uleb128 0x8
 326 00ee 1A000000 		.4byte	.LVL4
 327 00f2 CA020000 		.4byte	0x2ca
 328 00f6 05010000 		.4byte	0x105
 329 00fa 09       		.uleb128 0x9
 330 00fb 01       		.uleb128 0x1
 331 00fc 50       		.byte	0x50
 332 00fd 01       		.uleb128 0x1
 333 00fe 30       		.byte	0x30
 334 00ff 09       		.uleb128 0x9
ARM GAS  C:\Users\jdrd3\AppData\Local\Temp\cc6Nfq4g.s 			page 8


 335 0100 01       		.uleb128 0x1
 336 0101 51       		.byte	0x51
 337 0102 01       		.uleb128 0x1
 338 0103 33       		.byte	0x33
 339 0104 00       		.byte	0
 340 0105 08       		.uleb128 0x8
 341 0106 20000000 		.4byte	.LVL5
 342 010a D5020000 		.4byte	0x2d5
 343 010e 1C010000 		.4byte	0x11c
 344 0112 09       		.uleb128 0x9
 345 0113 01       		.uleb128 0x1
 346 0114 50       		.byte	0x50
 347 0115 05       		.uleb128 0x5
 348 0116 03       		.byte	0x3
 349 0117 00000000 		.4byte	.LC0
 350 011b 00       		.byte	0
 351 011c 08       		.uleb128 0x8
 352 011d 28000000 		.4byte	.LVL6
 353 0121 E0020000 		.4byte	0x2e0
 354 0125 2F010000 		.4byte	0x12f
 355 0129 09       		.uleb128 0x9
 356 012a 01       		.uleb128 0x1
 357 012b 50       		.byte	0x50
 358 012c 01       		.uleb128 0x1
 359 012d 30       		.byte	0x30
 360 012e 00       		.byte	0
 361 012f 07       		.uleb128 0x7
 362 0130 2C000000 		.4byte	.LVL7
 363 0134 EB020000 		.4byte	0x2eb
 364 0138 08       		.uleb128 0x8
 365 0139 32000000 		.4byte	.LVL8
 366 013d F6020000 		.4byte	0x2f6
 367 0141 4B010000 		.4byte	0x14b
 368 0145 09       		.uleb128 0x9
 369 0146 01       		.uleb128 0x1
 370 0147 50       		.byte	0x50
 371 0148 01       		.uleb128 0x1
 372 0149 30       		.byte	0x30
 373 014a 00       		.byte	0
 374 014b 07       		.uleb128 0x7
 375 014c 36000000 		.4byte	.LVL9
 376 0150 01030000 		.4byte	0x301
 377 0154 07       		.uleb128 0x7
 378 0155 3E000000 		.4byte	.LVL10
 379 0159 0C030000 		.4byte	0x30c
 380 015d 07       		.uleb128 0x7
 381 015e 44000000 		.4byte	.LVL11
 382 0162 17030000 		.4byte	0x317
 383 0166 08       		.uleb128 0x8
 384 0167 74000000 		.4byte	.LVL16
 385 016b 22030000 		.4byte	0x322
 386 016f 80010000 		.4byte	0x180
 387 0173 09       		.uleb128 0x9
 388 0174 01       		.uleb128 0x1
 389 0175 50       		.byte	0x50
 390 0176 02       		.uleb128 0x2
 391 0177 74       		.byte	0x74
ARM GAS  C:\Users\jdrd3\AppData\Local\Temp\cc6Nfq4g.s 			page 9


 392 0178 00       		.sleb128 0
 393 0179 09       		.uleb128 0x9
 394 017a 01       		.uleb128 0x1
 395 017b 51       		.byte	0x51
 396 017c 02       		.uleb128 0x2
 397 017d 76       		.byte	0x76
 398 017e 00       		.sleb128 0
 399 017f 00       		.byte	0
 400 0180 08       		.uleb128 0x8
 401 0181 7C000000 		.4byte	.LVL17
 402 0185 CA020000 		.4byte	0x2ca
 403 0189 98010000 		.4byte	0x198
 404 018d 09       		.uleb128 0x9
 405 018e 01       		.uleb128 0x1
 406 018f 50       		.byte	0x50
 407 0190 01       		.uleb128 0x1
 408 0191 31       		.byte	0x31
 409 0192 09       		.uleb128 0x9
 410 0193 01       		.uleb128 0x1
 411 0194 51       		.byte	0x51
 412 0195 01       		.uleb128 0x1
 413 0196 32       		.byte	0x32
 414 0197 00       		.byte	0
 415 0198 08       		.uleb128 0x8
 416 0199 82000000 		.4byte	.LVL18
 417 019d D5020000 		.4byte	0x2d5
 418 01a1 AC010000 		.4byte	0x1ac
 419 01a5 09       		.uleb128 0x9
 420 01a6 01       		.uleb128 0x1
 421 01a7 50       		.byte	0x50
 422 01a8 02       		.uleb128 0x2
 423 01a9 74       		.byte	0x74
 424 01aa 00       		.sleb128 0
 425 01ab 00       		.byte	0
 426 01ac 08       		.uleb128 0x8
 427 01ad 88000000 		.4byte	.LVL19
 428 01b1 E0020000 		.4byte	0x2e0
 429 01b5 BF010000 		.4byte	0x1bf
 430 01b9 09       		.uleb128 0x9
 431 01ba 01       		.uleb128 0x1
 432 01bb 50       		.byte	0x50
 433 01bc 01       		.uleb128 0x1
 434 01bd 31       		.byte	0x31
 435 01be 00       		.byte	0
 436 01bf 07       		.uleb128 0x7
 437 01c0 8C000000 		.4byte	.LVL20
 438 01c4 EB020000 		.4byte	0x2eb
 439 01c8 08       		.uleb128 0x8
 440 01c9 92000000 		.4byte	.LVL21
 441 01cd F6020000 		.4byte	0x2f6
 442 01d1 DB010000 		.4byte	0x1db
 443 01d5 09       		.uleb128 0x9
 444 01d6 01       		.uleb128 0x1
 445 01d7 50       		.byte	0x50
 446 01d8 01       		.uleb128 0x1
 447 01d9 30       		.byte	0x30
 448 01da 00       		.byte	0
ARM GAS  C:\Users\jdrd3\AppData\Local\Temp\cc6Nfq4g.s 			page 10


 449 01db 07       		.uleb128 0x7
 450 01dc 96000000 		.4byte	.LVL22
 451 01e0 01030000 		.4byte	0x301
 452 01e4 07       		.uleb128 0x7
 453 01e5 9C000000 		.4byte	.LVL23
 454 01e9 0C030000 		.4byte	0x30c
 455 01ed 07       		.uleb128 0x7
 456 01ee A2000000 		.4byte	.LVL24
 457 01f2 17030000 		.4byte	0x317
 458 01f6 08       		.uleb128 0x8
 459 01f7 C8000000 		.4byte	.LVL29
 460 01fb 22030000 		.4byte	0x322
 461 01ff 10020000 		.4byte	0x210
 462 0203 09       		.uleb128 0x9
 463 0204 01       		.uleb128 0x1
 464 0205 50       		.byte	0x50
 465 0206 02       		.uleb128 0x2
 466 0207 74       		.byte	0x74
 467 0208 00       		.sleb128 0
 468 0209 09       		.uleb128 0x9
 469 020a 01       		.uleb128 0x1
 470 020b 51       		.byte	0x51
 471 020c 02       		.uleb128 0x2
 472 020d 76       		.byte	0x76
 473 020e 00       		.sleb128 0
 474 020f 00       		.byte	0
 475 0210 08       		.uleb128 0x8
 476 0211 D0000000 		.4byte	.LVL30
 477 0215 CA020000 		.4byte	0x2ca
 478 0219 28020000 		.4byte	0x228
 479 021d 09       		.uleb128 0x9
 480 021e 01       		.uleb128 0x1
 481 021f 50       		.byte	0x50
 482 0220 01       		.uleb128 0x1
 483 0221 31       		.byte	0x31
 484 0222 09       		.uleb128 0x9
 485 0223 01       		.uleb128 0x1
 486 0224 51       		.byte	0x51
 487 0225 01       		.uleb128 0x1
 488 0226 39       		.byte	0x39
 489 0227 00       		.byte	0
 490 0228 0A       		.uleb128 0xa
 491 0229 D6000000 		.4byte	.LVL31
 492 022d D5020000 		.4byte	0x2d5
 493 0231 09       		.uleb128 0x9
 494 0232 01       		.uleb128 0x1
 495 0233 50       		.byte	0x50
 496 0234 02       		.uleb128 0x2
 497 0235 74       		.byte	0x74
 498 0236 00       		.sleb128 0
 499 0237 00       		.byte	0
 500 0238 00       		.byte	0
 501 0239 0B       		.uleb128 0xb
 502 023a 32010000 		.4byte	.LASF17
 503 023e 05       		.byte	0x5
 504 023f 1207     		.2byte	0x712
 505 0241 45020000 		.4byte	0x245
ARM GAS  C:\Users\jdrd3\AppData\Local\Temp\cc6Nfq4g.s 			page 11


 506 0245 0C       		.uleb128 0xc
 507 0246 76000000 		.4byte	0x76
 508 024a 0D       		.uleb128 0xd
 509 024b 76010000 		.4byte	.LASF18
 510 024f 01       		.byte	0x1
 511 0250 10       		.byte	0x10
 512 0251 81000000 		.4byte	0x81
 513 0255 05       		.uleb128 0x5
 514 0256 03       		.byte	0x3
 515 0257 00000000 		.4byte	entero
 516 025b 0D       		.uleb128 0xd
 517 025c 6F020000 		.4byte	.LASF19
 518 0260 01       		.byte	0x1
 519 0261 10       		.byte	0x10
 520 0262 81000000 		.4byte	0x81
 521 0266 05       		.uleb128 0x5
 522 0267 03       		.byte	0x3
 523 0268 00000000 		.4byte	voltaje
 524 026c 0D       		.uleb128 0xd
 525 026d 17010000 		.4byte	.LASF20
 526 0271 01       		.byte	0x1
 527 0272 11       		.byte	0x11
 528 0273 8D000000 		.4byte	0x8d
 529 0277 05       		.uleb128 0x5
 530 0278 03       		.byte	0x3
 531 0279 00000000 		.4byte	temp
 532 027d 0E       		.uleb128 0xe
 533 027e 9B000000 		.4byte	0x9b
 534 0282 8D020000 		.4byte	0x28d
 535 0286 0F       		.uleb128 0xf
 536 0287 A9000000 		.4byte	0xa9
 537 028b 0F       		.byte	0xf
 538 028c 00       		.byte	0
 539 028d 10       		.uleb128 0x10
 540 028e 73747200 		.ascii	"str\000"
 541 0292 01       		.byte	0x1
 542 0293 12       		.byte	0x12
 543 0294 7D020000 		.4byte	0x27d
 544 0298 05       		.uleb128 0x5
 545 0299 03       		.byte	0x3
 546 029a 00000000 		.4byte	str
 547 029e 11       		.uleb128 0x11
 548 029f 4C000000 		.4byte	.LASF21
 549 02a3 4C000000 		.4byte	.LASF21
 550 02a7 06       		.byte	0x6
 551 02a8 38       		.byte	0x38
 552 02a9 11       		.uleb128 0x11
 553 02aa E3010000 		.4byte	.LASF22
 554 02ae E3010000 		.4byte	.LASF22
 555 02b2 07       		.byte	0x7
 556 02b3 33       		.byte	0x33
 557 02b4 11       		.uleb128 0x11
 558 02b5 31000000 		.4byte	.LASF23
 559 02b9 31000000 		.4byte	.LASF23
 560 02bd 08       		.byte	0x8
 561 02be 33       		.byte	0x33
 562 02bf 11       		.uleb128 0x11
ARM GAS  C:\Users\jdrd3\AppData\Local\Temp\cc6Nfq4g.s 			page 12


 563 02c0 AE010000 		.4byte	.LASF24
 564 02c4 AE010000 		.4byte	.LASF24
 565 02c8 09       		.byte	0x9
 566 02c9 3A       		.byte	0x3a
 567 02ca 11       		.uleb128 0x11
 568 02cb A1010000 		.4byte	.LASF25
 569 02cf A1010000 		.4byte	.LASF25
 570 02d3 06       		.byte	0x6
 571 02d4 3D       		.byte	0x3d
 572 02d5 11       		.uleb128 0x11
 573 02d6 66010000 		.4byte	.LASF26
 574 02da 66010000 		.4byte	.LASF26
 575 02de 06       		.byte	0x6
 576 02df 3C       		.byte	0x3c
 577 02e0 11       		.uleb128 0x11
 578 02e1 EF010000 		.4byte	.LASF27
 579 02e5 EF010000 		.4byte	.LASF27
 580 02e9 0A       		.byte	0xa
 581 02ea 27       		.byte	0x27
 582 02eb 11       		.uleb128 0x11
 583 02ec F2000000 		.4byte	.LASF28
 584 02f0 F2000000 		.4byte	.LASF28
 585 02f4 09       		.byte	0x9
 586 02f5 3D       		.byte	0x3d
 587 02f6 11       		.uleb128 0x11
 588 02f7 03010000 		.4byte	.LASF29
 589 02fb 03010000 		.4byte	.LASF29
 590 02ff 09       		.byte	0x9
 591 0300 3F       		.byte	0x3f
 592 0301 11       		.uleb128 0x11
 593 0302 3F010000 		.4byte	.LASF30
 594 0306 3F010000 		.4byte	.LASF30
 595 030a 09       		.byte	0x9
 596 030b 42       		.byte	0x42
 597 030c 11       		.uleb128 0x11
 598 030d 22010000 		.4byte	.LASF31
 599 0311 22010000 		.4byte	.LASF31
 600 0315 09       		.byte	0x9
 601 0316 3E       		.byte	0x3e
 602 0317 11       		.uleb128 0x11
 603 0318 0A000000 		.4byte	.LASF32
 604 031c 0A000000 		.4byte	.LASF32
 605 0320 09       		.byte	0x9
 606 0321 47       		.byte	0x47
 607 0322 11       		.uleb128 0x11
 608 0323 67020000 		.4byte	.LASF33
 609 0327 67020000 		.4byte	.LASF33
 610 032b 0B       		.byte	0xb
 611 032c E7       		.byte	0xe7
 612 032d 00       		.byte	0
 613              		.section	.debug_abbrev,"",%progbits
 614              	.Ldebug_abbrev0:
 615 0000 01       		.uleb128 0x1
 616 0001 11       		.uleb128 0x11
 617 0002 01       		.byte	0x1
 618 0003 25       		.uleb128 0x25
 619 0004 0E       		.uleb128 0xe
ARM GAS  C:\Users\jdrd3\AppData\Local\Temp\cc6Nfq4g.s 			page 13


 620 0005 13       		.uleb128 0x13
 621 0006 0B       		.uleb128 0xb
 622 0007 03       		.uleb128 0x3
 623 0008 0E       		.uleb128 0xe
 624 0009 1B       		.uleb128 0x1b
 625 000a 0E       		.uleb128 0xe
 626 000b 55       		.uleb128 0x55
 627 000c 17       		.uleb128 0x17
 628 000d 11       		.uleb128 0x11
 629 000e 01       		.uleb128 0x1
 630 000f 10       		.uleb128 0x10
 631 0010 17       		.uleb128 0x17
 632 0011 00       		.byte	0
 633 0012 00       		.byte	0
 634 0013 02       		.uleb128 0x2
 635 0014 24       		.uleb128 0x24
 636 0015 00       		.byte	0
 637 0016 0B       		.uleb128 0xb
 638 0017 0B       		.uleb128 0xb
 639 0018 3E       		.uleb128 0x3e
 640 0019 0B       		.uleb128 0xb
 641 001a 03       		.uleb128 0x3
 642 001b 0E       		.uleb128 0xe
 643 001c 00       		.byte	0
 644 001d 00       		.byte	0
 645 001e 03       		.uleb128 0x3
 646 001f 16       		.uleb128 0x16
 647 0020 00       		.byte	0
 648 0021 03       		.uleb128 0x3
 649 0022 0E       		.uleb128 0xe
 650 0023 3A       		.uleb128 0x3a
 651 0024 0B       		.uleb128 0xb
 652 0025 3B       		.uleb128 0x3b
 653 0026 0B       		.uleb128 0xb
 654 0027 49       		.uleb128 0x49
 655 0028 13       		.uleb128 0x13
 656 0029 00       		.byte	0
 657 002a 00       		.byte	0
 658 002b 04       		.uleb128 0x4
 659 002c 24       		.uleb128 0x24
 660 002d 00       		.byte	0
 661 002e 0B       		.uleb128 0xb
 662 002f 0B       		.uleb128 0xb
 663 0030 3E       		.uleb128 0x3e
 664 0031 0B       		.uleb128 0xb
 665 0032 03       		.uleb128 0x3
 666 0033 08       		.uleb128 0x8
 667 0034 00       		.byte	0
 668 0035 00       		.byte	0
 669 0036 05       		.uleb128 0x5
 670 0037 16       		.uleb128 0x16
 671 0038 00       		.byte	0
 672 0039 03       		.uleb128 0x3
 673 003a 0E       		.uleb128 0xe
 674 003b 3A       		.uleb128 0x3a
 675 003c 0B       		.uleb128 0xb
 676 003d 3B       		.uleb128 0x3b
ARM GAS  C:\Users\jdrd3\AppData\Local\Temp\cc6Nfq4g.s 			page 14


 677 003e 05       		.uleb128 0x5
 678 003f 49       		.uleb128 0x49
 679 0040 13       		.uleb128 0x13
 680 0041 00       		.byte	0
 681 0042 00       		.byte	0
 682 0043 06       		.uleb128 0x6
 683 0044 2E       		.uleb128 0x2e
 684 0045 01       		.byte	0x1
 685 0046 3F       		.uleb128 0x3f
 686 0047 19       		.uleb128 0x19
 687 0048 03       		.uleb128 0x3
 688 0049 0E       		.uleb128 0xe
 689 004a 3A       		.uleb128 0x3a
 690 004b 0B       		.uleb128 0xb
 691 004c 3B       		.uleb128 0x3b
 692 004d 0B       		.uleb128 0xb
 693 004e 27       		.uleb128 0x27
 694 004f 19       		.uleb128 0x19
 695 0050 49       		.uleb128 0x49
 696 0051 13       		.uleb128 0x13
 697 0052 8701     		.uleb128 0x87
 698 0054 19       		.uleb128 0x19
 699 0055 11       		.uleb128 0x11
 700 0056 01       		.uleb128 0x1
 701 0057 12       		.uleb128 0x12
 702 0058 06       		.uleb128 0x6
 703 0059 40       		.uleb128 0x40
 704 005a 18       		.uleb128 0x18
 705 005b 9642     		.uleb128 0x2116
 706 005d 19       		.uleb128 0x19
 707 005e 01       		.uleb128 0x1
 708 005f 13       		.uleb128 0x13
 709 0060 00       		.byte	0
 710 0061 00       		.byte	0
 711 0062 07       		.uleb128 0x7
 712 0063 898201   		.uleb128 0x4109
 713 0066 00       		.byte	0
 714 0067 11       		.uleb128 0x11
 715 0068 01       		.uleb128 0x1
 716 0069 31       		.uleb128 0x31
 717 006a 13       		.uleb128 0x13
 718 006b 00       		.byte	0
 719 006c 00       		.byte	0
 720 006d 08       		.uleb128 0x8
 721 006e 898201   		.uleb128 0x4109
 722 0071 01       		.byte	0x1
 723 0072 11       		.uleb128 0x11
 724 0073 01       		.uleb128 0x1
 725 0074 31       		.uleb128 0x31
 726 0075 13       		.uleb128 0x13
 727 0076 01       		.uleb128 0x1
 728 0077 13       		.uleb128 0x13
 729 0078 00       		.byte	0
 730 0079 00       		.byte	0
 731 007a 09       		.uleb128 0x9
 732 007b 8A8201   		.uleb128 0x410a
 733 007e 00       		.byte	0
ARM GAS  C:\Users\jdrd3\AppData\Local\Temp\cc6Nfq4g.s 			page 15


 734 007f 02       		.uleb128 0x2
 735 0080 18       		.uleb128 0x18
 736 0081 9142     		.uleb128 0x2111
 737 0083 18       		.uleb128 0x18
 738 0084 00       		.byte	0
 739 0085 00       		.byte	0
 740 0086 0A       		.uleb128 0xa
 741 0087 898201   		.uleb128 0x4109
 742 008a 01       		.byte	0x1
 743 008b 11       		.uleb128 0x11
 744 008c 01       		.uleb128 0x1
 745 008d 31       		.uleb128 0x31
 746 008e 13       		.uleb128 0x13
 747 008f 00       		.byte	0
 748 0090 00       		.byte	0
 749 0091 0B       		.uleb128 0xb
 750 0092 34       		.uleb128 0x34
 751 0093 00       		.byte	0
 752 0094 03       		.uleb128 0x3
 753 0095 0E       		.uleb128 0xe
 754 0096 3A       		.uleb128 0x3a
 755 0097 0B       		.uleb128 0xb
 756 0098 3B       		.uleb128 0x3b
 757 0099 05       		.uleb128 0x5
 758 009a 49       		.uleb128 0x49
 759 009b 13       		.uleb128 0x13
 760 009c 3F       		.uleb128 0x3f
 761 009d 19       		.uleb128 0x19
 762 009e 3C       		.uleb128 0x3c
 763 009f 19       		.uleb128 0x19
 764 00a0 00       		.byte	0
 765 00a1 00       		.byte	0
 766 00a2 0C       		.uleb128 0xc
 767 00a3 35       		.uleb128 0x35
 768 00a4 00       		.byte	0
 769 00a5 49       		.uleb128 0x49
 770 00a6 13       		.uleb128 0x13
 771 00a7 00       		.byte	0
 772 00a8 00       		.byte	0
 773 00a9 0D       		.uleb128 0xd
 774 00aa 34       		.uleb128 0x34
 775 00ab 00       		.byte	0
 776 00ac 03       		.uleb128 0x3
 777 00ad 0E       		.uleb128 0xe
 778 00ae 3A       		.uleb128 0x3a
 779 00af 0B       		.uleb128 0xb
 780 00b0 3B       		.uleb128 0x3b
 781 00b1 0B       		.uleb128 0xb
 782 00b2 49       		.uleb128 0x49
 783 00b3 13       		.uleb128 0x13
 784 00b4 3F       		.uleb128 0x3f
 785 00b5 19       		.uleb128 0x19
 786 00b6 02       		.uleb128 0x2
 787 00b7 18       		.uleb128 0x18
 788 00b8 00       		.byte	0
 789 00b9 00       		.byte	0
 790 00ba 0E       		.uleb128 0xe
ARM GAS  C:\Users\jdrd3\AppData\Local\Temp\cc6Nfq4g.s 			page 16


 791 00bb 01       		.uleb128 0x1
 792 00bc 01       		.byte	0x1
 793 00bd 49       		.uleb128 0x49
 794 00be 13       		.uleb128 0x13
 795 00bf 01       		.uleb128 0x1
 796 00c0 13       		.uleb128 0x13
 797 00c1 00       		.byte	0
 798 00c2 00       		.byte	0
 799 00c3 0F       		.uleb128 0xf
 800 00c4 21       		.uleb128 0x21
 801 00c5 00       		.byte	0
 802 00c6 49       		.uleb128 0x49
 803 00c7 13       		.uleb128 0x13
 804 00c8 2F       		.uleb128 0x2f
 805 00c9 0B       		.uleb128 0xb
 806 00ca 00       		.byte	0
 807 00cb 00       		.byte	0
 808 00cc 10       		.uleb128 0x10
 809 00cd 34       		.uleb128 0x34
 810 00ce 00       		.byte	0
 811 00cf 03       		.uleb128 0x3
 812 00d0 08       		.uleb128 0x8
 813 00d1 3A       		.uleb128 0x3a
 814 00d2 0B       		.uleb128 0xb
 815 00d3 3B       		.uleb128 0x3b
 816 00d4 0B       		.uleb128 0xb
 817 00d5 49       		.uleb128 0x49
 818 00d6 13       		.uleb128 0x13
 819 00d7 3F       		.uleb128 0x3f
 820 00d8 19       		.uleb128 0x19
 821 00d9 02       		.uleb128 0x2
 822 00da 18       		.uleb128 0x18
 823 00db 00       		.byte	0
 824 00dc 00       		.byte	0
 825 00dd 11       		.uleb128 0x11
 826 00de 2E       		.uleb128 0x2e
 827 00df 00       		.byte	0
 828 00e0 3F       		.uleb128 0x3f
 829 00e1 19       		.uleb128 0x19
 830 00e2 3C       		.uleb128 0x3c
 831 00e3 19       		.uleb128 0x19
 832 00e4 6E       		.uleb128 0x6e
 833 00e5 0E       		.uleb128 0xe
 834 00e6 03       		.uleb128 0x3
 835 00e7 0E       		.uleb128 0xe
 836 00e8 3A       		.uleb128 0x3a
 837 00e9 0B       		.uleb128 0xb
 838 00ea 3B       		.uleb128 0x3b
 839 00eb 0B       		.uleb128 0xb
 840 00ec 00       		.byte	0
 841 00ed 00       		.byte	0
 842 00ee 00       		.byte	0
 843              		.section	.debug_aranges,"",%progbits
 844 0000 1C000000 		.4byte	0x1c
 845 0004 0200     		.2byte	0x2
 846 0006 00000000 		.4byte	.Ldebug_info0
 847 000a 04       		.byte	0x4
ARM GAS  C:\Users\jdrd3\AppData\Local\Temp\cc6Nfq4g.s 			page 17


 848 000b 00       		.byte	0
 849 000c 0000     		.2byte	0
 850 000e 0000     		.2byte	0
 851 0010 00000000 		.4byte	.LFB64
 852 0014 F4000000 		.4byte	.LFE64-.LFB64
 853 0018 00000000 		.4byte	0
 854 001c 00000000 		.4byte	0
 855              		.section	.debug_ranges,"",%progbits
 856              	.Ldebug_ranges0:
 857 0000 00000000 		.4byte	.LFB64
 858 0004 F4000000 		.4byte	.LFE64
 859 0008 00000000 		.4byte	0
 860 000c 00000000 		.4byte	0
 861              		.section	.debug_line,"",%progbits
 862              	.Ldebug_line0:
 863 0000 72020000 		.section	.debug_str,"MS",%progbits,1
 863      0200F201 
 863      00000201 
 863      FB0E0D00 
 863      01010101 
 864              	.LASF9:
 865 0000 5F5F696E 		.ascii	"__int32_t\000"
 865      7433325F 
 865      7400
 866              	.LASF32:
 867 000a 4144435F 		.ascii	"ADC_CountsTo_mVolts\000"
 867      436F756E 
 867      7473546F 
 867      5F6D566F 
 867      6C747300 
 868              	.LASF3:
 869 001e 73686F72 		.ascii	"short unsigned int\000"
 869      7420756E 
 869      7369676E 
 869      65642069 
 869      6E7400
 870              	.LASF23:
 871 0031 4F70616D 		.ascii	"Opamp_1_Start\000"
 871      705F315F 
 871      53746172 
 871      7400
 872              	.LASF13:
 873 003f 646F7562 		.ascii	"double\000"
 873      6C6500
 874              	.LASF12:
 875 0046 666C6F61 		.ascii	"float\000"
 875      7400
 876              	.LASF21:
 877 004c 4C43445F 		.ascii	"LCD_Start\000"
 877      53746172 
 877      7400
 878              	.LASF1:
 879 0056 756E7369 		.ascii	"unsigned char\000"
 879      676E6564 
 879      20636861 
 879      7200
 880              	.LASF34:
ARM GAS  C:\Users\jdrd3\AppData\Local\Temp\cc6Nfq4g.s 			page 18


 881 0064 474E5520 		.ascii	"GNU C11 5.4.1 20160609 (release) [ARM/embedded-5-br"
 881      43313120 
 881      352E342E 
 881      31203230 
 881      31363036 
 882 0097 616E6368 		.ascii	"anch revision 237715] -mcpu=cortex-m3 -mthumb -g -O"
 882      20726576 
 882      6973696F 
 882      6E203233 
 882      37373135 
 883 00ca 67202D66 		.ascii	"g -ffunction-sections -ffat-lto-objects\000"
 883      66756E63 
 883      74696F6E 
 883      2D736563 
 883      74696F6E 
 884              	.LASF28:
 885 00f2 4144435F 		.ascii	"ADC_StartConvert\000"
 885      53746172 
 885      74436F6E 
 885      76657274 
 885      00
 886              	.LASF29:
 887 0103 4144435F 		.ascii	"ADC_IsEndConversion\000"
 887      4973456E 
 887      64436F6E 
 887      76657273 
 887      696F6E00 
 888              	.LASF20:
 889 0117 74656D70 		.ascii	"temp\000"
 889      00
 890              	.LASF11:
 891 011c 696E7433 		.ascii	"int32\000"
 891      3200
 892              	.LASF31:
 893 0122 4144435F 		.ascii	"ADC_StopConvert\000"
 893      53746F70 
 893      436F6E76 
 893      65727400 
 894              	.LASF17:
 895 0132 49544D5F 		.ascii	"ITM_RxBuffer\000"
 895      52784275 
 895      66666572 
 895      00
 896              	.LASF30:
 897 013f 4144435F 		.ascii	"ADC_GetResult32\000"
 897      47657452 
 897      6573756C 
 897      74333200 
 898              	.LASF5:
 899 014f 6C6F6E67 		.ascii	"long unsigned int\000"
 899      20756E73 
 899      69676E65 
 899      6420696E 
 899      7400
 900              	.LASF37:
 901 0161 6D61696E 		.ascii	"main\000"
 901      00
ARM GAS  C:\Users\jdrd3\AppData\Local\Temp\cc6Nfq4g.s 			page 19


 902              	.LASF26:
 903 0166 4C43445F 		.ascii	"LCD_PrintString\000"
 903      5072696E 
 903      74537472 
 903      696E6700 
 904              	.LASF18:
 905 0176 656E7465 		.ascii	"entero\000"
 905      726F00
 906              	.LASF8:
 907 017d 756E7369 		.ascii	"unsigned int\000"
 907      676E6564 
 907      20696E74 
 907      00
 908              	.LASF7:
 909 018a 6C6F6E67 		.ascii	"long long unsigned int\000"
 909      206C6F6E 
 909      6720756E 
 909      7369676E 
 909      65642069 
 910              	.LASF25:
 911 01a1 4C43445F 		.ascii	"LCD_Position\000"
 911      506F7369 
 911      74696F6E 
 911      00
 912              	.LASF24:
 913 01ae 4144435F 		.ascii	"ADC_Start\000"
 913      53746172 
 913      7400
 914              	.LASF10:
 915 01b8 696E7433 		.ascii	"int32_t\000"
 915      325F7400 
 916              	.LASF16:
 917 01c0 73697A65 		.ascii	"sizetype\000"
 917      74797065 
 917      00
 918              	.LASF6:
 919 01c9 6C6F6E67 		.ascii	"long long int\000"
 919      206C6F6E 
 919      6720696E 
 919      7400
 920              	.LASF35:
 921 01d7 6D61696E 		.ascii	"main.c\000"
 921      2E6300
 922              	.LASF14:
 923 01de 63686172 		.ascii	"char\000"
 923      00
 924              	.LASF22:
 925 01e3 4F70616D 		.ascii	"Opamp_Start\000"
 925      705F5374 
 925      61727400 
 926              	.LASF27:
 927 01ef 4D75785F 		.ascii	"Mux_FastSelect\000"
 927      46617374 
 927      53656C65 
 927      637400
 928              	.LASF2:
 929 01fe 73686F72 		.ascii	"short int\000"
ARM GAS  C:\Users\jdrd3\AppData\Local\Temp\cc6Nfq4g.s 			page 20


 929      7420696E 
 929      7400
 930              	.LASF36:
 931 0208 433A5C55 		.ascii	"C:\\Users\\jdrd3\\Documents\\PSoC Creator\\Ejemplos"
 931      73657273 
 931      5C6A6472 
 931      64335C44 
 931      6F63756D 
 932 0236 5C414443 		.ascii	"\\ADC_LM35.cydsn\000"
 932      5F4C4D33 
 932      352E6379 
 932      64736E00 
 933              	.LASF4:
 934 0246 6C6F6E67 		.ascii	"long int\000"
 934      20696E74 
 934      00
 935              	.LASF15:
 936 024f 6C6F6E67 		.ascii	"long double\000"
 936      20646F75 
 936      626C6500 
 937              	.LASF0:
 938 025b 7369676E 		.ascii	"signed char\000"
 938      65642063 
 938      68617200 
 939              	.LASF33:
 940 0267 73707269 		.ascii	"sprintf\000"
 940      6E746600 
 941              	.LASF19:
 942 026f 766F6C74 		.ascii	"voltaje\000"
 942      616A6500 
 943              		.ident	"GCC: (GNU Tools for ARM Embedded Processors) 5.4.1 20160609 (release) [ARM/embedded-5-bran
