ARM GAS  C:\Users\jdrd3\AppData\Local\Temp\ccgNVJTh.s 			page 1


   1              		.syntax unified
   2              		.cpu cortex-m3
   3              		.fpu softvfp
   4              		.eabi_attribute 20, 1
   5              		.eabi_attribute 21, 1
   6              		.eabi_attribute 23, 3
   7              		.eabi_attribute 24, 1
   8              		.eabi_attribute 25, 1
   9              		.eabi_attribute 26, 1
  10              		.eabi_attribute 30, 1
  11              		.eabi_attribute 34, 1
  12              		.eabi_attribute 18, 4
  13              		.thumb
  14              		.syntax unified
  15              		.file	"cymetadata.c"
  16              		.text
  17              	.Ltext0:
  18              		.cfi_sections	.debug_frame
  19              		.global	cy_metadata
  20              		.global	cy_meta_flashprotect
  21              		.global	cy_meta_wonvl
  22              		.global	cy_meta_custnvl
  23              		.global	cy_meta_configecc
  24              		.section	.cyconfigecc,"a",%progbits
  25              		.align	2
  26              		.type	cy_meta_configecc, %object
  27              		.size	cy_meta_configecc, 388
  28              	cy_meta_configecc:
  29 0000 03       		.byte	3
  30 0001 52       		.byte	82
  31 0002 00       		.byte	0
  32 0003 40       		.byte	64
  33 0004 01       		.byte	1
  34 0005 64       		.byte	100
  35 0006 00       		.byte	0
  36 0007 40       		.byte	64
  37 0008 04       		.byte	4
  38 0009 08       		.byte	8
  39 000a 01       		.byte	1
  40 000b 40       		.byte	64
  41 000c 01       		.byte	1
  42 000d 09       		.byte	9
  43 000e 01       		.byte	1
  44 000f 40       		.byte	64
  45 0010 06       		.byte	6
  46 0011 0B       		.byte	11
  47 0012 01       		.byte	1
  48 0013 40       		.byte	64
  49 0014 2B       		.byte	43
  50 0015 0C       		.byte	12
  51 0016 01       		.byte	1
  52 0017 40       		.byte	64
  53 0018 22       		.byte	34
  54 0019 0D       		.byte	13
  55 001a 01       		.byte	1
  56 001b 40       		.byte	64
  57 001c 02       		.byte	2
ARM GAS  C:\Users\jdrd3\AppData\Local\Temp\ccgNVJTh.s 			page 2


  58 001d 0F       		.byte	15
  59 001e 01       		.byte	1
  60 001f 40       		.byte	64
  61 0020 01       		.byte	1
  62 0021 15       		.byte	21
  63 0022 01       		.byte	1
  64 0023 40       		.byte	64
  65 0024 01       		.byte	1
  66 0025 19       		.byte	25
  67 0026 01       		.byte	1
  68 0027 40       		.byte	64
  69 0028 01       		.byte	1
  70 0029 1B       		.byte	27
  71 002a 01       		.byte	1
  72 002b 40       		.byte	64
  73 002c 06       		.byte	6
  74 002d 44       		.byte	68
  75 002e 01       		.byte	1
  76 002f 40       		.byte	64
  77 0030 0D       		.byte	13
  78 0031 45       		.byte	69
  79 0032 01       		.byte	1
  80 0033 40       		.byte	64
  81 0034 08       		.byte	8
  82 0035 46       		.byte	70
  83 0036 01       		.byte	1
  84 0037 40       		.byte	64
  85 0038 02       		.byte	2
  86 0039 47       		.byte	71
  87 003a 01       		.byte	1
  88 003b 40       		.byte	64
  89 003c 02       		.byte	2
  90 003d 48       		.byte	72
  91 003e 01       		.byte	1
  92 003f 40       		.byte	64
  93 0040 01       		.byte	1
  94 0041 49       		.byte	73
  95 0042 01       		.byte	1
  96 0043 40       		.byte	64
  97 0044 03       		.byte	3
  98 0045 4C       		.byte	76
  99 0046 01       		.byte	1
 100 0047 40       		.byte	64
 101 0048 02       		.byte	2
 102 0049 4D       		.byte	77
 103 004a 01       		.byte	1
 104 004b 40       		.byte	64
 105 004c 02       		.byte	2
 106 004d 50       		.byte	80
 107 004e 01       		.byte	1
 108 004f 40       		.byte	64
 109 0050 10       		.byte	16
 110 0051 50       		.byte	80
 111 0052 11       		.byte	17
 112 0053 92       		.byte	-110
 113 0054 60       		.byte	96
 114 0055 80       		.byte	-128
ARM GAS  C:\Users\jdrd3\AppData\Local\Temp\ccgNVJTh.s 			page 3


 115 0056 8D       		.byte	-115
 116 0057 0D       		.byte	13
 117 0058 38       		.byte	56
 118 0059 02       		.byte	2
 119 005a 3E       		.byte	62
 120 005b 01       		.byte	1
 121 005c 58       		.byte	88
 122 005d 04       		.byte	4
 123 005e 5F       		.byte	95
 124 005f 01       		.byte	1
 125 0060 1C       		.byte	28
 126 0061 40       		.byte	64
 127 0062 A8       		.byte	-88
 128 0063 04       		.byte	4
 129 0064 AB       		.byte	-85
 130 0065 80       		.byte	-128
 131 0066 AF       		.byte	-81
 132 0067 01       		.byte	1
 133 0068 B3       		.byte	-77
 134 0069 02       		.byte	2
 135 006a E8       		.byte	-24
 136 006b 02       		.byte	2
 137 006c EC       		.byte	-20
 138 006d 05       		.byte	5
 139 006e 5B       		.byte	91
 140 006f 04       		.byte	4
 141 0070 5F       		.byte	95
 142 0071 01       		.byte	1
 143 0072 8E       		.byte	-114
 144 0073 05       		.byte	5
 145 0074 92       		.byte	-110
 146 0075 02       		.byte	2
 147 0076 9B       		.byte	-101
 148 0077 01       		.byte	1
 149 0078 A6       		.byte	-90
 150 0079 09       		.byte	9
 151 007a A9       		.byte	-87
 152 007b 01       		.byte	1
 153 007c AE       		.byte	-82
 154 007d 04       		.byte	4
 155 007e B0       		.byte	-80
 156 007f 02       		.byte	2
 157 0080 B2       		.byte	-78
 158 0081 04       		.byte	4
 159 0082 B4       		.byte	-76
 160 0083 08       		.byte	8
 161 0084 B6       		.byte	-74
 162 0085 01       		.byte	1
 163 0086 B7       		.byte	-73
 164 0087 01       		.byte	1
 165 0088 BE       		.byte	-66
 166 0089 04       		.byte	4
 167 008a C0       		.byte	-64
 168 008b 40       		.byte	64
 169 008c C1       		.byte	-63
 170 008d 05       		.byte	5
 171 008e C5       		.byte	-59
ARM GAS  C:\Users\jdrd3\AppData\Local\Temp\ccgNVJTh.s 			page 4


 172 008f D1       		.byte	-47
 173 0090 C7       		.byte	-57
 174 0091 20       		.byte	32
 175 0092 C8       		.byte	-56
 176 0093 23       		.byte	35
 177 0094 C9       		.byte	-55
 178 0095 FF       		.byte	-1
 179 0096 CA       		.byte	-54
 180 0097 FF       		.byte	-1
 181 0098 CB       		.byte	-53
 182 0099 FF       		.byte	-1
 183 009a CD       		.byte	-51
 184 009b A0       		.byte	-96
 185 009c CF       		.byte	-49
 186 009d 04       		.byte	4
 187 009e D0       		.byte	-48
 188 009f 18       		.byte	24
 189 00a0 D2       		.byte	-46
 190 00a1 80       		.byte	-128
 191 00a2 D4       		.byte	-44
 192 00a3 05       		.byte	5
 193 00a4 D8       		.byte	-40
 194 00a5 04       		.byte	4
 195 00a6 D9       		.byte	-39
 196 00a7 04       		.byte	4
 197 00a8 DA       		.byte	-38
 198 00a9 04       		.byte	4
 199 00aa DB       		.byte	-37
 200 00ab 04       		.byte	4
 201 00ac DC       		.byte	-36
 202 00ad 11       		.byte	17
 203 00ae DD       		.byte	-35
 204 00af 11       		.byte	17
 205 00b0 DF       		.byte	-33
 206 00b1 01       		.byte	1
 207 00b2 E0       		.byte	-32
 208 00b3 40       		.byte	64
 209 00b4 E2       		.byte	-30
 210 00b5 C0       		.byte	-64
 211 00b6 E4       		.byte	-28
 212 00b7 40       		.byte	64
 213 00b8 E5       		.byte	-27
 214 00b9 40       		.byte	64
 215 00ba E6       		.byte	-26
 216 00bb C0       		.byte	-64
 217 00bc E8       		.byte	-24
 218 00bd C0       		.byte	-64
 219 00be EA       		.byte	-22
 220 00bf C0       		.byte	-64
 221 00c0 EC       		.byte	-20
 222 00c1 C0       		.byte	-64
 223 00c2 EE       		.byte	-18
 224 00c3 C0       		.byte	-64
 225 00c4 00       		.byte	0
 226 00c5 40       		.byte	64
 227 00c6 09       		.byte	9
 228 00c7 02       		.byte	2
ARM GAS  C:\Users\jdrd3\AppData\Local\Temp\ccgNVJTh.s 			page 5


 229 00c8 10       		.byte	16
 230 00c9 22       		.byte	34
 231 00ca 18       		.byte	24
 232 00cb 40       		.byte	64
 233 00cc 19       		.byte	25
 234 00cd 14       		.byte	20
 235 00ce 1B       		.byte	27
 236 00cf 80       		.byte	-128
 237 00d0 22       		.byte	34
 238 00d1 40       		.byte	64
 239 00d2 29       		.byte	41
 240 00d3 10       		.byte	16
 241 00d4 30       		.byte	48
 242 00d5 20       		.byte	32
 243 00d6 40       		.byte	64
 244 00d7 40       		.byte	64
 245 00d8 48       		.byte	72
 246 00d9 22       		.byte	34
 247 00da 49       		.byte	73
 248 00db 01       		.byte	1
 249 00dc 50       		.byte	80
 250 00dd 02       		.byte	2
 251 00de 59       		.byte	89
 252 00df 05       		.byte	5
 253 00e0 5A       		.byte	90
 254 00e1 80       		.byte	-128
 255 00e2 6C       		.byte	108
 256 00e3 04       		.byte	4
 257 00e4 6D       		.byte	109
 258 00e5 04       		.byte	4
 259 00e6 6E       		.byte	110
 260 00e7 01       		.byte	1
 261 00e8 6F       		.byte	111
 262 00e9 02       		.byte	2
 263 00ea 71       		.byte	113
 264 00eb 02       		.byte	2
 265 00ec 74       		.byte	116
 266 00ed 10       		.byte	16
 267 00ee 77       		.byte	119
 268 00ef 01       		.byte	1
 269 00f0 85       		.byte	-123
 270 00f1 04       		.byte	4
 271 00f2 88       		.byte	-120
 272 00f3 10       		.byte	16
 273 00f4 96       		.byte	-106
 274 00f5 01       		.byte	1
 275 00f6 C0       		.byte	-64
 276 00f7 01       		.byte	1
 277 00f8 C2       		.byte	-62
 278 00f9 08       		.byte	8
 279 00fa C4       		.byte	-60
 280 00fb 05       		.byte	5
 281 00fc CA       		.byte	-54
 282 00fd 04       		.byte	4
 283 00fe CC       		.byte	-52
 284 00ff 04       		.byte	4
 285 0100 D0       		.byte	-48
ARM GAS  C:\Users\jdrd3\AppData\Local\Temp\ccgNVJTh.s 			page 6


 286 0101 01       		.byte	1
 287 0102 D2       		.byte	-46
 288 0103 08       		.byte	8
 289 0104 D6       		.byte	-42
 290 0105 0B       		.byte	11
 291 0106 E4       		.byte	-28
 292 0107 02       		.byte	2
 293 0108 86       		.byte	-122
 294 0109 01       		.byte	1
 295 010a E0       		.byte	-32
 296 010b 08       		.byte	8
 297 010c EC       		.byte	-20
 298 010d 10       		.byte	16
 299 010e B4       		.byte	-76
 300 010f 40       		.byte	64
 301 0110 EC       		.byte	-20
 302 0111 10       		.byte	16
 303 0112 74       		.byte	116
 304 0113 04       		.byte	4
 305 0114 7B       		.byte	123
 306 0115 02       		.byte	2
 307 0116 7C       		.byte	124
 308 0117 20       		.byte	32
 309 0118 87       		.byte	-121
 310 0119 02       		.byte	2
 311 011a DC       		.byte	-36
 312 011b 01       		.byte	1
 313 011c DE       		.byte	-34
 314 011d 05       		.byte	5
 315 011e 53       		.byte	83
 316 011f 01       		.byte	1
 317 0120 58       		.byte	88
 318 0121 01       		.byte	1
 319 0122 5E       		.byte	94
 320 0123 01       		.byte	1
 321 0124 60       		.byte	96
 322 0125 10       		.byte	16
 323 0126 64       		.byte	100
 324 0127 04       		.byte	4
 325 0128 84       		.byte	-124
 326 0129 04       		.byte	4
 327 012a 88       		.byte	-120
 328 012b 04       		.byte	4
 329 012c 9C       		.byte	-100
 330 012d 20       		.byte	32
 331 012e A4       		.byte	-92
 332 012f 04       		.byte	4
 333 0130 D4       		.byte	-44
 334 0131 01       		.byte	1
 335 0132 D6       		.byte	-42
 336 0133 03       		.byte	3
 337 0134 D8       		.byte	-40
 338 0135 03       		.byte	3
 339 0136 E4       		.byte	-28
 340 0137 01       		.byte	1
 341 0138 45       		.byte	69
 342 0139 08       		.byte	8
ARM GAS  C:\Users\jdrd3\AppData\Local\Temp\ccgNVJTh.s 			page 7


 343 013a 9C       		.byte	-100
 344 013b 20       		.byte	32
 345 013c A8       		.byte	-88
 346 013d 10       		.byte	16
 347 013e AB       		.byte	-85
 348 013f 01       		.byte	1
 349 0140 AC       		.byte	-84
 350 0141 01       		.byte	1
 351 0142 B2       		.byte	-78
 352 0143 01       		.byte	1
 353 0144 D0       		.byte	-48
 354 0145 01       		.byte	1
 355 0146 EC       		.byte	-20
 356 0147 01       		.byte	1
 357 0148 9C       		.byte	-100
 358 0149 20       		.byte	32
 359 014a A5       		.byte	-91
 360 014b 08       		.byte	8
 361 014c 25       		.byte	37
 362 014d 10       		.byte	16
 363 014e C8       		.byte	-56
 364 014f 20       		.byte	32
 365 0150 B5       		.byte	-75
 366 0151 10       		.byte	16
 367 0152 A5       		.byte	-91
 368 0153 08       		.byte	8
 369 0154 B4       		.byte	-76
 370 0155 20       		.byte	32
 371 0156 E8       		.byte	-24
 372 0157 02       		.byte	2
 373 0158 B5       		.byte	-75
 374 0159 08       		.byte	8
 375 015a EC       		.byte	-20
 376 015b 08       		.byte	8
 377 015c 00       		.byte	0
 378 015d 02       		.byte	2
 379 015e 0E       		.byte	14
 380 015f 02       		.byte	2
 381 0160 00       		.byte	0
 382 0161 00       		.byte	0
 383 0162 00       		.byte	0
 384 0163 00       		.byte	0
 385 0164 00       		.byte	0
 386 0165 00       		.byte	0
 387 0166 07       		.byte	7
 388 0167 00       		.byte	0
 389 0168 00       		.byte	0
 390 0169 C0       		.byte	-64
 391 016a C0       		.byte	-64
 392 016b 00       		.byte	0
 393 016c C0       		.byte	-64
 394 016d 00       		.byte	0
 395 016e 00       		.byte	0
 396 016f 00       		.byte	0
 397 0170 00       		.byte	0
 398 0171 0B       		.byte	11
 399 0172 0B       		.byte	11
ARM GAS  C:\Users\jdrd3\AppData\Local\Temp\ccgNVJTh.s 			page 8


 400 0173 00       		.byte	0
 401 0174 00       		.byte	0
 402 0175 00       		.byte	0
 403 0176 00       		.byte	0
 404 0177 00       		.byte	0
 405 0178 00       		.byte	0
 406 0179 F2       		.byte	-14
 407 017a F2       		.byte	-14
 408 017b 00       		.byte	0
 409 017c F2       		.byte	-14
 410 017d 00       		.byte	0
 411 017e 00       		.byte	0
 412 017f 00       		.byte	0
 413 0180 07       		.byte	7
 414 0181 00       		.byte	0
 415 0182 18       		.byte	24
 416 0183 01       		.byte	1
 417              		.section	.cywolatch,"a",%progbits
 418              		.align	2
 419              		.type	cy_meta_wonvl, %object
 420              		.size	cy_meta_wonvl, 4
 421              	cy_meta_wonvl:
 422 0000 BC       		.byte	-68
 423 0001 90       		.byte	-112
 424 0002 AC       		.byte	-84
 425 0003 AF       		.byte	-81
 426              		.section	.cycustnvl,"a",%progbits
 427              		.align	2
 428              		.type	cy_meta_custnvl, %object
 429              		.size	cy_meta_custnvl, 4
 430              	cy_meta_custnvl:
 431 0000 00       		.byte	0
 432 0001 00       		.byte	0
 433 0002 40       		.byte	64
 434 0003 05       		.byte	5
 435              		.section	.cymeta,"a",%progbits
 436              		.align	2
 437              		.type	cy_metadata, %object
 438              		.size	cy_metadata, 12
 439              	cy_metadata:
 440 0000 00       		.byte	0
 441 0001 01       		.byte	1
 442 0002 2E       		.byte	46
 443 0003 16       		.byte	22
 444 0004 10       		.byte	16
 445 0005 69       		.byte	105
 446 0006 00       		.byte	0
 447 0007 01       		.byte	1
 448 0008 00       		.byte	0
 449 0009 00       		.byte	0
 450 000a 00       		.byte	0
 451 000b 00       		.byte	0
 452              		.section	.cyflashprotect,"a",%progbits
 453              		.align	2
 454              		.type	cy_meta_flashprotect, %object
 455              		.size	cy_meta_flashprotect, 256
 456              	cy_meta_flashprotect:
ARM GAS  C:\Users\jdrd3\AppData\Local\Temp\ccgNVJTh.s 			page 9


 457 0000 00000000 		.space	256
 457      00000000 
 457      00000000 
 457      00000000 
 457      00000000 
 458              		.text
 459              	.Letext0:
 460              		.file 1 "c:\\program files (x86)\\cypress\\psoc creator\\4.2\\psoc creator\\import\\gnu\\arm\\5.4.
 461              		.file 2 "c:\\program files (x86)\\cypress\\psoc creator\\4.2\\psoc creator\\import\\gnu\\arm\\5.4.
 462              		.file 3 "Generated_Source\\PSoC5\\cymetadata.c"
 463              		.section	.debug_info,"",%progbits
 464              	.Ldebug_info0:
 465 0000 31010000 		.4byte	0x131
 466 0004 0400     		.2byte	0x4
 467 0006 00000000 		.4byte	.Ldebug_abbrev0
 468 000a 04       		.byte	0x4
 469 000b 01       		.uleb128 0x1
 470 000c 68000000 		.4byte	.LASF17
 471 0010 0C       		.byte	0xc
 472 0011 C2010000 		.4byte	.LASF18
 473 0015 0A000000 		.4byte	.LASF19
 474 0019 00000000 		.4byte	.Ldebug_line0
 475 001d 02       		.uleb128 0x2
 476 001e 01       		.byte	0x1
 477 001f 06       		.byte	0x6
 478 0020 B6010000 		.4byte	.LASF0
 479 0024 03       		.uleb128 0x3
 480 0025 00000000 		.4byte	.LASF9
 481 0029 01       		.byte	0x1
 482 002a 1D       		.byte	0x1d
 483 002b 2F000000 		.4byte	0x2f
 484 002f 02       		.uleb128 0x2
 485 0030 01       		.byte	0x1
 486 0031 08       		.byte	0x8
 487 0032 5A000000 		.4byte	.LASF1
 488 0036 02       		.uleb128 0x2
 489 0037 02       		.byte	0x2
 490 0038 05       		.byte	0x5
 491 0039 A3010000 		.4byte	.LASF2
 492 003d 02       		.uleb128 0x2
 493 003e 02       		.byte	0x2
 494 003f 07       		.byte	0x7
 495 0040 08010000 		.4byte	.LASF3
 496 0044 02       		.uleb128 0x2
 497 0045 04       		.byte	0x4
 498 0046 05       		.byte	0x5
 499 0047 AD010000 		.4byte	.LASF4
 500 004b 02       		.uleb128 0x2
 501 004c 04       		.byte	0x4
 502 004d 07       		.byte	0x7
 503 004e F6000000 		.4byte	.LASF5
 504 0052 02       		.uleb128 0x2
 505 0053 08       		.byte	0x8
 506 0054 05       		.byte	0x5
 507 0055 95010000 		.4byte	.LASF6
 508 0059 02       		.uleb128 0x2
 509 005a 08       		.byte	0x8
ARM GAS  C:\Users\jdrd3\AppData\Local\Temp\ccgNVJTh.s 			page 10


 510 005b 07       		.byte	0x7
 511 005c 4A010000 		.4byte	.LASF7
 512 0060 04       		.uleb128 0x4
 513 0061 04       		.byte	0x4
 514 0062 05       		.byte	0x5
 515 0063 696E7400 		.ascii	"int\000"
 516 0067 02       		.uleb128 0x2
 517 0068 04       		.byte	0x4
 518 0069 07       		.byte	0x7
 519 006a 3D010000 		.4byte	.LASF8
 520 006e 03       		.uleb128 0x3
 521 006f 61010000 		.4byte	.LASF10
 522 0073 02       		.byte	0x2
 523 0074 18       		.byte	0x18
 524 0075 24000000 		.4byte	0x24
 525 0079 05       		.uleb128 0x5
 526 007a 91000000 		.4byte	0x91
 527 007e 8A000000 		.4byte	0x8a
 528 0082 06       		.uleb128 0x6
 529 0083 8A000000 		.4byte	0x8a
 530 0087 8301     		.2byte	0x183
 531 0089 00       		.byte	0
 532 008a 02       		.uleb128 0x2
 533 008b 04       		.byte	0x4
 534 008c 07       		.byte	0x7
 535 008d 8C010000 		.4byte	.LASF11
 536 0091 07       		.uleb128 0x7
 537 0092 6E000000 		.4byte	0x6e
 538 0096 08       		.uleb128 0x8
 539 0097 2B010000 		.4byte	.LASF12
 540 009b 03       		.byte	0x3
 541 009c 1F       		.byte	0x1f
 542 009d A7000000 		.4byte	0xa7
 543 00a1 05       		.uleb128 0x5
 544 00a2 03       		.byte	0x3
 545 00a3 00000000 		.4byte	cy_meta_configecc
 546 00a7 07       		.uleb128 0x7
 547 00a8 79000000 		.4byte	0x79
 548 00ac 05       		.uleb128 0x5
 549 00ad 91000000 		.4byte	0x91
 550 00b1 BC000000 		.4byte	0xbc
 551 00b5 09       		.uleb128 0x9
 552 00b6 8A000000 		.4byte	0x8a
 553 00ba 03       		.byte	0x3
 554 00bb 00       		.byte	0
 555 00bc 08       		.uleb128 0x8
 556 00bd 1B010000 		.4byte	.LASF13
 557 00c1 03       		.byte	0x3
 558 00c2 5D       		.byte	0x5d
 559 00c3 CD000000 		.4byte	0xcd
 560 00c7 05       		.uleb128 0x5
 561 00c8 03       		.byte	0x3
 562 00c9 00000000 		.4byte	cy_meta_custnvl
 563 00cd 07       		.uleb128 0x7
 564 00ce AC000000 		.4byte	0xac
 565 00d2 08       		.uleb128 0x8
 566 00d3 7E010000 		.4byte	.LASF14
ARM GAS  C:\Users\jdrd3\AppData\Local\Temp\ccgNVJTh.s 			page 11


 567 00d7 03       		.byte	0x3
 568 00d8 6B       		.byte	0x6b
 569 00d9 E3000000 		.4byte	0xe3
 570 00dd 05       		.uleb128 0x5
 571 00de 03       		.byte	0x3
 572 00df 00000000 		.4byte	cy_meta_wonvl
 573 00e3 07       		.uleb128 0x7
 574 00e4 AC000000 		.4byte	0xac
 575 00e8 05       		.uleb128 0x5
 576 00e9 91000000 		.4byte	0x91
 577 00ed F8000000 		.4byte	0xf8
 578 00f1 09       		.uleb128 0x9
 579 00f2 8A000000 		.4byte	0x8a
 580 00f6 FF       		.byte	0xff
 581 00f7 00       		.byte	0
 582 00f8 08       		.uleb128 0x8
 583 00f9 69010000 		.4byte	.LASF15
 584 00fd 03       		.byte	0x3
 585 00fe 79       		.byte	0x79
 586 00ff 09010000 		.4byte	0x109
 587 0103 05       		.uleb128 0x5
 588 0104 03       		.byte	0x3
 589 0105 00000000 		.4byte	cy_meta_flashprotect
 590 0109 07       		.uleb128 0x7
 591 010a E8000000 		.4byte	0xe8
 592 010e 05       		.uleb128 0x5
 593 010f 91000000 		.4byte	0x91
 594 0113 1E010000 		.4byte	0x11e
 595 0117 09       		.uleb128 0x9
 596 0118 8A000000 		.4byte	0x8a
 597 011c 0B       		.byte	0xb
 598 011d 00       		.byte	0
 599 011e 08       		.uleb128 0x8
 600 011f 4E000000 		.4byte	.LASF16
 601 0123 03       		.byte	0x3
 602 0124 A6       		.byte	0xa6
 603 0125 2F010000 		.4byte	0x12f
 604 0129 05       		.uleb128 0x5
 605 012a 03       		.byte	0x3
 606 012b 00000000 		.4byte	cy_metadata
 607 012f 07       		.uleb128 0x7
 608 0130 0E010000 		.4byte	0x10e
 609 0134 00       		.byte	0
 610              		.section	.debug_abbrev,"",%progbits
 611              	.Ldebug_abbrev0:
 612 0000 01       		.uleb128 0x1
 613 0001 11       		.uleb128 0x11
 614 0002 01       		.byte	0x1
 615 0003 25       		.uleb128 0x25
 616 0004 0E       		.uleb128 0xe
 617 0005 13       		.uleb128 0x13
 618 0006 0B       		.uleb128 0xb
 619 0007 03       		.uleb128 0x3
 620 0008 0E       		.uleb128 0xe
 621 0009 1B       		.uleb128 0x1b
 622 000a 0E       		.uleb128 0xe
 623 000b 10       		.uleb128 0x10
ARM GAS  C:\Users\jdrd3\AppData\Local\Temp\ccgNVJTh.s 			page 12


 624 000c 17       		.uleb128 0x17
 625 000d 00       		.byte	0
 626 000e 00       		.byte	0
 627 000f 02       		.uleb128 0x2
 628 0010 24       		.uleb128 0x24
 629 0011 00       		.byte	0
 630 0012 0B       		.uleb128 0xb
 631 0013 0B       		.uleb128 0xb
 632 0014 3E       		.uleb128 0x3e
 633 0015 0B       		.uleb128 0xb
 634 0016 03       		.uleb128 0x3
 635 0017 0E       		.uleb128 0xe
 636 0018 00       		.byte	0
 637 0019 00       		.byte	0
 638 001a 03       		.uleb128 0x3
 639 001b 16       		.uleb128 0x16
 640 001c 00       		.byte	0
 641 001d 03       		.uleb128 0x3
 642 001e 0E       		.uleb128 0xe
 643 001f 3A       		.uleb128 0x3a
 644 0020 0B       		.uleb128 0xb
 645 0021 3B       		.uleb128 0x3b
 646 0022 0B       		.uleb128 0xb
 647 0023 49       		.uleb128 0x49
 648 0024 13       		.uleb128 0x13
 649 0025 00       		.byte	0
 650 0026 00       		.byte	0
 651 0027 04       		.uleb128 0x4
 652 0028 24       		.uleb128 0x24
 653 0029 00       		.byte	0
 654 002a 0B       		.uleb128 0xb
 655 002b 0B       		.uleb128 0xb
 656 002c 3E       		.uleb128 0x3e
 657 002d 0B       		.uleb128 0xb
 658 002e 03       		.uleb128 0x3
 659 002f 08       		.uleb128 0x8
 660 0030 00       		.byte	0
 661 0031 00       		.byte	0
 662 0032 05       		.uleb128 0x5
 663 0033 01       		.uleb128 0x1
 664 0034 01       		.byte	0x1
 665 0035 49       		.uleb128 0x49
 666 0036 13       		.uleb128 0x13
 667 0037 01       		.uleb128 0x1
 668 0038 13       		.uleb128 0x13
 669 0039 00       		.byte	0
 670 003a 00       		.byte	0
 671 003b 06       		.uleb128 0x6
 672 003c 21       		.uleb128 0x21
 673 003d 00       		.byte	0
 674 003e 49       		.uleb128 0x49
 675 003f 13       		.uleb128 0x13
 676 0040 2F       		.uleb128 0x2f
 677 0041 05       		.uleb128 0x5
 678 0042 00       		.byte	0
 679 0043 00       		.byte	0
 680 0044 07       		.uleb128 0x7
ARM GAS  C:\Users\jdrd3\AppData\Local\Temp\ccgNVJTh.s 			page 13


 681 0045 26       		.uleb128 0x26
 682 0046 00       		.byte	0
 683 0047 49       		.uleb128 0x49
 684 0048 13       		.uleb128 0x13
 685 0049 00       		.byte	0
 686 004a 00       		.byte	0
 687 004b 08       		.uleb128 0x8
 688 004c 34       		.uleb128 0x34
 689 004d 00       		.byte	0
 690 004e 03       		.uleb128 0x3
 691 004f 0E       		.uleb128 0xe
 692 0050 3A       		.uleb128 0x3a
 693 0051 0B       		.uleb128 0xb
 694 0052 3B       		.uleb128 0x3b
 695 0053 0B       		.uleb128 0xb
 696 0054 49       		.uleb128 0x49
 697 0055 13       		.uleb128 0x13
 698 0056 3F       		.uleb128 0x3f
 699 0057 19       		.uleb128 0x19
 700 0058 02       		.uleb128 0x2
 701 0059 18       		.uleb128 0x18
 702 005a 00       		.byte	0
 703 005b 00       		.byte	0
 704 005c 09       		.uleb128 0x9
 705 005d 21       		.uleb128 0x21
 706 005e 00       		.byte	0
 707 005f 49       		.uleb128 0x49
 708 0060 13       		.uleb128 0x13
 709 0061 2F       		.uleb128 0x2f
 710 0062 0B       		.uleb128 0xb
 711 0063 00       		.byte	0
 712 0064 00       		.byte	0
 713 0065 00       		.byte	0
 714              		.section	.debug_aranges,"",%progbits
 715 0000 14000000 		.4byte	0x14
 716 0004 0200     		.2byte	0x2
 717 0006 00000000 		.4byte	.Ldebug_info0
 718 000a 04       		.byte	0x4
 719 000b 00       		.byte	0
 720 000c 0000     		.2byte	0
 721 000e 0000     		.2byte	0
 722 0010 00000000 		.4byte	0
 723 0014 00000000 		.4byte	0
 724              		.section	.debug_line,"",%progbits
 725              	.Ldebug_line0:
 726 0000 3D010000 		.section	.debug_str,"MS",%progbits,1
 726      02003701 
 726      00000201 
 726      FB0E0D00 
 726      01010101 
 727              	.LASF9:
 728 0000 5F5F7569 		.ascii	"__uint8_t\000"
 728      6E74385F 
 728      7400
 729              	.LASF19:
 730 000a 433A5C55 		.ascii	"C:\\Users\\jdrd3\\Documents\\PSoC Creator\\Ejemplos"
 730      73657273 
ARM GAS  C:\Users\jdrd3\AppData\Local\Temp\ccgNVJTh.s 			page 14


 730      5C6A6472 
 730      64335C44 
 730      6F63756D 
 731 0038 5C414443 		.ascii	"\\ADC_multicanal.cydsn\000"
 731      5F6D756C 
 731      74696361 
 731      6E616C2E 
 731      63796473 
 732              	.LASF16:
 733 004e 63795F6D 		.ascii	"cy_metadata\000"
 733      65746164 
 733      61746100 
 734              	.LASF1:
 735 005a 756E7369 		.ascii	"unsigned char\000"
 735      676E6564 
 735      20636861 
 735      7200
 736              	.LASF17:
 737 0068 474E5520 		.ascii	"GNU C11 5.4.1 20160609 (release) [ARM/embedded-5-br"
 737      43313120 
 737      352E342E 
 737      31203230 
 737      31363036 
 738 009b 616E6368 		.ascii	"anch revision 237715] -mcpu=cortex-m3 -mthumb -g -O"
 738      20726576 
 738      6973696F 
 738      6E203233 
 738      37373135 
 739 00ce 67202D66 		.ascii	"g -ffunction-sections -ffat-lto-objects\000"
 739      66756E63 
 739      74696F6E 
 739      2D736563 
 739      74696F6E 
 740              	.LASF5:
 741 00f6 6C6F6E67 		.ascii	"long unsigned int\000"
 741      20756E73 
 741      69676E65 
 741      6420696E 
 741      7400
 742              	.LASF3:
 743 0108 73686F72 		.ascii	"short unsigned int\000"
 743      7420756E 
 743      7369676E 
 743      65642069 
 743      6E7400
 744              	.LASF13:
 745 011b 63795F6D 		.ascii	"cy_meta_custnvl\000"
 745      6574615F 
 745      63757374 
 745      6E766C00 
 746              	.LASF12:
 747 012b 63795F6D 		.ascii	"cy_meta_configecc\000"
 747      6574615F 
 747      636F6E66 
 747      69676563 
 747      6300
 748              	.LASF8:
ARM GAS  C:\Users\jdrd3\AppData\Local\Temp\ccgNVJTh.s 			page 15


 749 013d 756E7369 		.ascii	"unsigned int\000"
 749      676E6564 
 749      20696E74 
 749      00
 750              	.LASF7:
 751 014a 6C6F6E67 		.ascii	"long long unsigned int\000"
 751      206C6F6E 
 751      6720756E 
 751      7369676E 
 751      65642069 
 752              	.LASF10:
 753 0161 75696E74 		.ascii	"uint8_t\000"
 753      385F7400 
 754              	.LASF15:
 755 0169 63795F6D 		.ascii	"cy_meta_flashprotect\000"
 755      6574615F 
 755      666C6173 
 755      6870726F 
 755      74656374 
 756              	.LASF14:
 757 017e 63795F6D 		.ascii	"cy_meta_wonvl\000"
 757      6574615F 
 757      776F6E76 
 757      6C00
 758              	.LASF11:
 759 018c 73697A65 		.ascii	"sizetype\000"
 759      74797065 
 759      00
 760              	.LASF6:
 761 0195 6C6F6E67 		.ascii	"long long int\000"
 761      206C6F6E 
 761      6720696E 
 761      7400
 762              	.LASF2:
 763 01a3 73686F72 		.ascii	"short int\000"
 763      7420696E 
 763      7400
 764              	.LASF4:
 765 01ad 6C6F6E67 		.ascii	"long int\000"
 765      20696E74 
 765      00
 766              	.LASF0:
 767 01b6 7369676E 		.ascii	"signed char\000"
 767      65642063 
 767      68617200 
 768              	.LASF18:
 769 01c2 47656E65 		.ascii	"Generated_Source\\PSoC5\\cymetadata.c\000"
 769      72617465 
 769      645F536F 
 769      75726365 
 769      5C50536F 
 770              		.ident	"GCC: (GNU Tools for ARM Embedded Processors) 5.4.1 20160609 (release) [ARM/embedded-5-bran
