ARM GAS  C:\Users\jdrd3\AppData\Local\Temp\ccIbMNUl.s 			page 1


   1              		.syntax unified
   2              		.cpu cortex-m3
   3              		.fpu softvfp
   4              		.eabi_attribute 20, 1
   5              		.eabi_attribute 21, 1
   6              		.eabi_attribute 23, 3
   7              		.eabi_attribute 24, 1
   8              		.eabi_attribute 25, 1
   9              		.eabi_attribute 26, 1
  10              		.eabi_attribute 30, 1
  11              		.eabi_attribute 34, 1
  12              		.eabi_attribute 18, 4
  13              		.thumb
  14              		.syntax unified
  15              		.file	"main.c"
  16              		.text
  17              	.Ltext0:
  18              		.cfi_sections	.debug_frame
  19              		.global	__aeabi_i2d
  20              		.global	__aeabi_dmul
  21              		.global	__aeabi_d2f
  22              		.global	__aeabi_f2d
  23              		.section	.text.main,"ax",%progbits
  24              		.align	2
  25              		.global	main
  26              		.thumb
  27              		.thumb_func
  28              		.type	main, %function
  29              	main:
  30              	.LFB64:
  31              		.file 1 "main.c"
   1:main.c        **** /* ========================================
   2:main.c        ****  *
   3:main.c        ****  * Copyright YOUR COMPANY, THE YEAR
   4:main.c        ****  * All Rights Reserved
   5:main.c        ****  * UNPUBLISHED, LICENSED SOFTWARE.
   6:main.c        ****  *
   7:main.c        ****  * CONFIDENTIAL AND PROPRIETARY INFORMATION
   8:main.c        ****  * WHICH IS THE PROPERTY OF your company.
   9:main.c        ****  *
  10:main.c        ****  * ========================================
  11:main.c        **** */
  12:main.c        **** #include "project.h"
  13:main.c        **** #include "stdio.h"
  14:main.c        **** 
  15:main.c        **** int main(void)
  16:main.c        **** {
  32              		.loc 1 16 0
  33              		.cfi_startproc
  34              		@ args = 0, pretend = 0, frame = 16
  35              		@ frame_needed = 0, uses_anonymous_args = 0
  36 0000 10B5     		push	{r4, lr}
  37              		.cfi_def_cfa_offset 8
  38              		.cfi_offset 4, -8
  39              		.cfi_offset 14, -4
  40 0002 84B0     		sub	sp, sp, #16
  41              		.cfi_def_cfa_offset 24
ARM GAS  C:\Users\jdrd3\AppData\Local\Temp\ccIbMNUl.s 			page 2


  17:main.c        ****     int32 output;
  18:main.c        ****     char str[12];
  19:main.c        ****     float ADCvoltaje;
  20:main.c        ****     
  21:main.c        ****     LCD_Start();
  42              		.loc 1 21 0
  43 0004 FFF7FEFF 		bl	LCD_Start
  44              	.LVL0:
  22:main.c        ****     LCD_Position(0,5);
  45              		.loc 1 22 0
  46 0008 0521     		movs	r1, #5
  47 000a 0020     		movs	r0, #0
  48 000c FFF7FEFF 		bl	LCD_Position
  49              	.LVL1:
  23:main.c        ****     LCD_PrintString("Voltaje");
  50              		.loc 1 23 0
  51 0010 1348     		ldr	r0, .L4
  52 0012 FFF7FEFF 		bl	LCD_PrintString
  53              	.LVL2:
  24:main.c        ****     ADC_Start();
  54              		.loc 1 24 0
  55 0016 FFF7FEFF 		bl	ADC_Start
  56              	.LVL3:
  25:main.c        ****     ADC_StartConvert();
  57              		.loc 1 25 0
  58 001a FFF7FEFF 		bl	ADC_StartConvert
  59              	.LVL4:
  26:main.c        ****     ADC_IsEndConversion(ADC_WAIT_FOR_RESULT);
  60              		.loc 1 26 0
  61 001e 0020     		movs	r0, #0
  62 0020 FFF7FEFF 		bl	ADC_IsEndConversion
  63              	.LVL5:
  27:main.c        ****     
  28:main.c        ****     
  29:main.c        ****     
  30:main.c        ****     CyGlobalIntEnable; /* Enable global interrupts. */
  64              		.loc 1 30 0
  65              		.syntax unified
  66              	@ 30 "main.c" 1
  67 0024 62B6     		CPSIE   i
  68              	@ 0 "" 2
  69              		.thumb
  70              		.syntax unified
  71              	.L2:
  31:main.c        **** 
  32:main.c        ****     /* Place your initialization/startup code here (e.g. MyInst_Start()) */
  33:main.c        **** 
  34:main.c        ****     for(;;)
  35:main.c        ****     {
  36:main.c        ****         output = ADC_GetResult32();
  72              		.loc 1 36 0 discriminator 1
  73 0026 FFF7FEFF 		bl	ADC_GetResult32
  74              	.LVL6:
  37:main.c        ****        // ADCvoltaje = ADC_CountsTo_Volts();//funciona para conversion menor a 20 bits
  38:main.c        ****         ADCvoltaje = (5.00000/1048576)*output;
  75              		.loc 1 38 0 discriminator 1
  76 002a FFF7FEFF 		bl	__aeabi_i2d
ARM GAS  C:\Users\jdrd3\AppData\Local\Temp\ccIbMNUl.s 			page 3


  77              	.LVL7:
  78 002e 0022     		movs	r2, #0
  79 0030 0C4B     		ldr	r3, .L4+4
  80 0032 FFF7FEFF 		bl	__aeabi_dmul
  81              	.LVL8:
  82 0036 FFF7FEFF 		bl	__aeabi_d2f
  83              	.LVL9:
  84 003a 0446     		mov	r4, r0
  85              	.LVL10:
  39:main.c        ****         LCD_Position(1,3);
  86              		.loc 1 39 0 discriminator 1
  87 003c 0321     		movs	r1, #3
  88 003e 0120     		movs	r0, #1
  89              	.LVL11:
  90 0040 FFF7FEFF 		bl	LCD_Position
  91              	.LVL12:
  40:main.c        ****         sprintf(str,"%.7f",ADCvoltaje);
  92              		.loc 1 40 0 discriminator 1
  93 0044 2046     		mov	r0, r4
  94 0046 FFF7FEFF 		bl	__aeabi_f2d
  95              	.LVL13:
  96 004a 0246     		mov	r2, r0
  97 004c 0B46     		mov	r3, r1
  98 004e 0649     		ldr	r1, .L4+8
  99 0050 01A8     		add	r0, sp, #4
 100 0052 FFF7FEFF 		bl	sprintf
 101              	.LVL14:
  41:main.c        ****         LCD_PrintString(str);
 102              		.loc 1 41 0 discriminator 1
 103 0056 01A8     		add	r0, sp, #4
 104 0058 FFF7FEFF 		bl	LCD_PrintString
 105              	.LVL15:
 106 005c E3E7     		b	.L2
 107              	.L5:
 108 005e 00BF     		.align	2
 109              	.L4:
 110 0060 00000000 		.word	.LC0
 111 0064 0000D43E 		.word	1054081024
 112 0068 08000000 		.word	.LC1
 113              		.cfi_endproc
 114              	.LFE64:
 115              		.size	main, .-main
 116              		.section	.rodata.str1.4,"aMS",%progbits,1
 117              		.align	2
 118              	.LC0:
 119 0000 566F6C74 		.ascii	"Voltaje\000"
 119      616A6500 
 120              	.LC1:
 121 0008 252E3766 		.ascii	"%.7f\000"
 121      00
 122              		.text
 123              	.Letext0:
 124              		.file 2 "c:\\program files (x86)\\cypress\\psoc creator\\4.2\\psoc creator\\import\\gnu\\arm\\5.4.
 125              		.file 3 "c:\\program files (x86)\\cypress\\psoc creator\\4.2\\psoc creator\\import\\gnu\\arm\\5.4.
 126              		.file 4 "Generated_Source\\PSoC5/cytypes.h"
 127              		.file 5 "Generated_Source\\PSoC5/LCD.h"
 128              		.file 6 "Generated_Source\\PSoC5/ADC.h"
ARM GAS  C:\Users\jdrd3\AppData\Local\Temp\ccIbMNUl.s 			page 4


 129              		.file 7 "c:\\program files (x86)\\cypress\\psoc creator\\4.2\\psoc creator\\import\\gnu\\arm\\5.4.
 130              		.file 8 "Generated_Source\\PSoC5/core_cm3.h"
 131              		.section	.debug_info,"",%progbits
 132              	.Ldebug_info0:
 133 0000 17020000 		.4byte	0x217
 134 0004 0400     		.2byte	0x4
 135 0006 00000000 		.4byte	.Ldebug_abbrev0
 136 000a 04       		.byte	0x4
 137 000b 01       		.uleb128 0x1
 138 000c 42000000 		.4byte	.LASF27
 139 0010 0C       		.byte	0xc
 140 0011 D2010000 		.4byte	.LASF28
 141 0015 18010000 		.4byte	.LASF29
 142 0019 00000000 		.4byte	.Ldebug_ranges0+0
 143 001d 00000000 		.4byte	0
 144 0021 00000000 		.4byte	.Ldebug_line0
 145 0025 02       		.uleb128 0x2
 146 0026 01       		.byte	0x1
 147 0027 06       		.byte	0x6
 148 0028 0F020000 		.4byte	.LASF0
 149 002c 02       		.uleb128 0x2
 150 002d 01       		.byte	0x1
 151 002e 08       		.byte	0x8
 152 002f 34000000 		.4byte	.LASF1
 153 0033 02       		.uleb128 0x2
 154 0034 02       		.byte	0x2
 155 0035 05       		.byte	0x5
 156 0036 DE010000 		.4byte	.LASF2
 157 003a 02       		.uleb128 0x2
 158 003b 02       		.byte	0x2
 159 003c 07       		.byte	0x7
 160 003d 0A000000 		.4byte	.LASF3
 161 0041 03       		.uleb128 0x3
 162 0042 00000000 		.4byte	.LASF9
 163 0046 02       		.byte	0x2
 164 0047 3F       		.byte	0x3f
 165 0048 4C000000 		.4byte	0x4c
 166 004c 02       		.uleb128 0x2
 167 004d 04       		.byte	0x4
 168 004e 05       		.byte	0x5
 169 004f EF010000 		.4byte	.LASF4
 170 0053 02       		.uleb128 0x2
 171 0054 04       		.byte	0x4
 172 0055 07       		.byte	0x7
 173 0056 51010000 		.4byte	.LASF5
 174 005a 02       		.uleb128 0x2
 175 005b 08       		.byte	0x8
 176 005c 05       		.byte	0x5
 177 005d C4010000 		.4byte	.LASF6
 178 0061 02       		.uleb128 0x2
 179 0062 08       		.byte	0x8
 180 0063 07       		.byte	0x7
 181 0064 85010000 		.4byte	.LASF7
 182 0068 04       		.uleb128 0x4
 183 0069 04       		.byte	0x4
 184 006a 05       		.byte	0x5
 185 006b 696E7400 		.ascii	"int\000"
ARM GAS  C:\Users\jdrd3\AppData\Local\Temp\ccIbMNUl.s 			page 5


 186 006f 02       		.uleb128 0x2
 187 0070 04       		.byte	0x4
 188 0071 07       		.byte	0x7
 189 0072 78010000 		.4byte	.LASF8
 190 0076 03       		.uleb128 0x3
 191 0077 B3010000 		.4byte	.LASF10
 192 007b 03       		.byte	0x3
 193 007c 2C       		.byte	0x2c
 194 007d 41000000 		.4byte	0x41
 195 0081 05       		.uleb128 0x5
 196 0082 F5000000 		.4byte	.LASF11
 197 0086 04       		.byte	0x4
 198 0087 E901     		.2byte	0x1e9
 199 0089 4C000000 		.4byte	0x4c
 200 008d 02       		.uleb128 0x2
 201 008e 04       		.byte	0x4
 202 008f 04       		.byte	0x4
 203 0090 24000000 		.4byte	.LASF12
 204 0094 02       		.uleb128 0x2
 205 0095 08       		.byte	0x8
 206 0096 04       		.byte	0x4
 207 0097 1D000000 		.4byte	.LASF13
 208 009b 02       		.uleb128 0x2
 209 009c 01       		.byte	0x1
 210 009d 08       		.byte	0x8
 211 009e D9010000 		.4byte	.LASF14
 212 00a2 02       		.uleb128 0x2
 213 00a3 08       		.byte	0x8
 214 00a4 04       		.byte	0x4
 215 00a5 03020000 		.4byte	.LASF15
 216 00a9 02       		.uleb128 0x2
 217 00aa 04       		.byte	0x4
 218 00ab 07       		.byte	0x7
 219 00ac BB010000 		.4byte	.LASF16
 220 00b0 06       		.uleb128 0x6
 221 00b1 63010000 		.4byte	.LASF30
 222 00b5 01       		.byte	0x1
 223 00b6 0F       		.byte	0xf
 224 00b7 68000000 		.4byte	0x68
 225 00bb 00000000 		.4byte	.LFB64
 226 00bf 6C000000 		.4byte	.LFE64-.LFB64
 227 00c3 01       		.uleb128 0x1
 228 00c4 9C       		.byte	0x9c
 229 00c5 A1010000 		.4byte	0x1a1
 230 00c9 07       		.uleb128 0x7
 231 00ca E8010000 		.4byte	.LASF17
 232 00ce 01       		.byte	0x1
 233 00cf 11       		.byte	0x11
 234 00d0 81000000 		.4byte	0x81
 235 00d4 00000000 		.4byte	.LLST0
 236 00d8 08       		.uleb128 0x8
 237 00d9 73747200 		.ascii	"str\000"
 238 00dd 01       		.byte	0x1
 239 00de 12       		.byte	0x12
 240 00df A1010000 		.4byte	0x1a1
 241 00e3 02       		.uleb128 0x2
 242 00e4 91       		.byte	0x91
ARM GAS  C:\Users\jdrd3\AppData\Local\Temp\ccIbMNUl.s 			page 6


 243 00e5 6C       		.sleb128 -20
 244 00e6 07       		.uleb128 0x7
 245 00e7 F8010000 		.4byte	.LASF18
 246 00eb 01       		.byte	0x1
 247 00ec 13       		.byte	0x13
 248 00ed 8D000000 		.4byte	0x8d
 249 00f1 13000000 		.4byte	.LLST1
 250 00f5 09       		.uleb128 0x9
 251 00f6 08000000 		.4byte	.LVL0
 252 00fa C2010000 		.4byte	0x1c2
 253 00fe 0A       		.uleb128 0xa
 254 00ff 10000000 		.4byte	.LVL1
 255 0103 CD010000 		.4byte	0x1cd
 256 0107 16010000 		.4byte	0x116
 257 010b 0B       		.uleb128 0xb
 258 010c 01       		.uleb128 0x1
 259 010d 50       		.byte	0x50
 260 010e 01       		.uleb128 0x1
 261 010f 30       		.byte	0x30
 262 0110 0B       		.uleb128 0xb
 263 0111 01       		.uleb128 0x1
 264 0112 51       		.byte	0x51
 265 0113 01       		.uleb128 0x1
 266 0114 35       		.byte	0x35
 267 0115 00       		.byte	0
 268 0116 0A       		.uleb128 0xa
 269 0117 16000000 		.4byte	.LVL2
 270 011b D8010000 		.4byte	0x1d8
 271 011f 2D010000 		.4byte	0x12d
 272 0123 0B       		.uleb128 0xb
 273 0124 01       		.uleb128 0x1
 274 0125 50       		.byte	0x50
 275 0126 05       		.uleb128 0x5
 276 0127 03       		.byte	0x3
 277 0128 00000000 		.4byte	.LC0
 278 012c 00       		.byte	0
 279 012d 09       		.uleb128 0x9
 280 012e 1A000000 		.4byte	.LVL3
 281 0132 E3010000 		.4byte	0x1e3
 282 0136 09       		.uleb128 0x9
 283 0137 1E000000 		.4byte	.LVL4
 284 013b EE010000 		.4byte	0x1ee
 285 013f 0A       		.uleb128 0xa
 286 0140 24000000 		.4byte	.LVL5
 287 0144 F9010000 		.4byte	0x1f9
 288 0148 52010000 		.4byte	0x152
 289 014c 0B       		.uleb128 0xb
 290 014d 01       		.uleb128 0x1
 291 014e 50       		.byte	0x50
 292 014f 01       		.uleb128 0x1
 293 0150 30       		.byte	0x30
 294 0151 00       		.byte	0
 295 0152 09       		.uleb128 0x9
 296 0153 2A000000 		.4byte	.LVL6
 297 0157 04020000 		.4byte	0x204
 298 015b 0A       		.uleb128 0xa
 299 015c 44000000 		.4byte	.LVL12
ARM GAS  C:\Users\jdrd3\AppData\Local\Temp\ccIbMNUl.s 			page 7


 300 0160 CD010000 		.4byte	0x1cd
 301 0164 73010000 		.4byte	0x173
 302 0168 0B       		.uleb128 0xb
 303 0169 01       		.uleb128 0x1
 304 016a 50       		.byte	0x50
 305 016b 01       		.uleb128 0x1
 306 016c 31       		.byte	0x31
 307 016d 0B       		.uleb128 0xb
 308 016e 01       		.uleb128 0x1
 309 016f 51       		.byte	0x51
 310 0170 01       		.uleb128 0x1
 311 0171 33       		.byte	0x33
 312 0172 00       		.byte	0
 313 0173 0A       		.uleb128 0xa
 314 0174 56000000 		.4byte	.LVL14
 315 0178 0F020000 		.4byte	0x20f
 316 017c 90010000 		.4byte	0x190
 317 0180 0B       		.uleb128 0xb
 318 0181 01       		.uleb128 0x1
 319 0182 50       		.byte	0x50
 320 0183 02       		.uleb128 0x2
 321 0184 91       		.byte	0x91
 322 0185 6C       		.sleb128 -20
 323 0186 0B       		.uleb128 0xb
 324 0187 01       		.uleb128 0x1
 325 0188 51       		.byte	0x51
 326 0189 05       		.uleb128 0x5
 327 018a 03       		.byte	0x3
 328 018b 08000000 		.4byte	.LC1
 329 018f 00       		.byte	0
 330 0190 0C       		.uleb128 0xc
 331 0191 5C000000 		.4byte	.LVL15
 332 0195 D8010000 		.4byte	0x1d8
 333 0199 0B       		.uleb128 0xb
 334 019a 01       		.uleb128 0x1
 335 019b 50       		.byte	0x50
 336 019c 02       		.uleb128 0x2
 337 019d 91       		.byte	0x91
 338 019e 6C       		.sleb128 -20
 339 019f 00       		.byte	0
 340 01a0 00       		.byte	0
 341 01a1 0D       		.uleb128 0xd
 342 01a2 9B000000 		.4byte	0x9b
 343 01a6 B1010000 		.4byte	0x1b1
 344 01aa 0E       		.uleb128 0xe
 345 01ab A9000000 		.4byte	0xa9
 346 01af 0B       		.byte	0xb
 347 01b0 00       		.byte	0
 348 01b1 0F       		.uleb128 0xf
 349 01b2 FB000000 		.4byte	.LASF31
 350 01b6 08       		.byte	0x8
 351 01b7 1207     		.2byte	0x712
 352 01b9 BD010000 		.4byte	0x1bd
 353 01bd 10       		.uleb128 0x10
 354 01be 76000000 		.4byte	0x76
 355 01c2 11       		.uleb128 0x11
 356 01c3 2A000000 		.4byte	.LASF19
ARM GAS  C:\Users\jdrd3\AppData\Local\Temp\ccIbMNUl.s 			page 8


 357 01c7 2A000000 		.4byte	.LASF19
 358 01cb 05       		.byte	0x5
 359 01cc 38       		.byte	0x38
 360 01cd 11       		.uleb128 0x11
 361 01ce 9C010000 		.4byte	.LASF20
 362 01d2 9C010000 		.4byte	.LASF20
 363 01d6 05       		.byte	0x5
 364 01d7 3D       		.byte	0x3d
 365 01d8 11       		.uleb128 0x11
 366 01d9 68010000 		.4byte	.LASF21
 367 01dd 68010000 		.4byte	.LASF21
 368 01e1 05       		.byte	0x5
 369 01e2 3C       		.byte	0x3c
 370 01e3 11       		.uleb128 0x11
 371 01e4 A9010000 		.4byte	.LASF22
 372 01e8 A9010000 		.4byte	.LASF22
 373 01ec 06       		.byte	0x6
 374 01ed 3A       		.byte	0x3a
 375 01ee 11       		.uleb128 0x11
 376 01ef D0000000 		.4byte	.LASF23
 377 01f3 D0000000 		.4byte	.LASF23
 378 01f7 06       		.byte	0x6
 379 01f8 3D       		.byte	0x3d
 380 01f9 11       		.uleb128 0x11
 381 01fa E1000000 		.4byte	.LASF24
 382 01fe E1000000 		.4byte	.LASF24
 383 0202 06       		.byte	0x6
 384 0203 3F       		.byte	0x3f
 385 0204 11       		.uleb128 0x11
 386 0205 08010000 		.4byte	.LASF25
 387 0209 08010000 		.4byte	.LASF25
 388 020d 06       		.byte	0x6
 389 020e 42       		.byte	0x42
 390 020f 11       		.uleb128 0x11
 391 0210 1B020000 		.4byte	.LASF26
 392 0214 1B020000 		.4byte	.LASF26
 393 0218 07       		.byte	0x7
 394 0219 E7       		.byte	0xe7
 395 021a 00       		.byte	0
 396              		.section	.debug_abbrev,"",%progbits
 397              	.Ldebug_abbrev0:
 398 0000 01       		.uleb128 0x1
 399 0001 11       		.uleb128 0x11
 400 0002 01       		.byte	0x1
 401 0003 25       		.uleb128 0x25
 402 0004 0E       		.uleb128 0xe
 403 0005 13       		.uleb128 0x13
 404 0006 0B       		.uleb128 0xb
 405 0007 03       		.uleb128 0x3
 406 0008 0E       		.uleb128 0xe
 407 0009 1B       		.uleb128 0x1b
 408 000a 0E       		.uleb128 0xe
 409 000b 55       		.uleb128 0x55
 410 000c 17       		.uleb128 0x17
 411 000d 11       		.uleb128 0x11
 412 000e 01       		.uleb128 0x1
 413 000f 10       		.uleb128 0x10
ARM GAS  C:\Users\jdrd3\AppData\Local\Temp\ccIbMNUl.s 			page 9


 414 0010 17       		.uleb128 0x17
 415 0011 00       		.byte	0
 416 0012 00       		.byte	0
 417 0013 02       		.uleb128 0x2
 418 0014 24       		.uleb128 0x24
 419 0015 00       		.byte	0
 420 0016 0B       		.uleb128 0xb
 421 0017 0B       		.uleb128 0xb
 422 0018 3E       		.uleb128 0x3e
 423 0019 0B       		.uleb128 0xb
 424 001a 03       		.uleb128 0x3
 425 001b 0E       		.uleb128 0xe
 426 001c 00       		.byte	0
 427 001d 00       		.byte	0
 428 001e 03       		.uleb128 0x3
 429 001f 16       		.uleb128 0x16
 430 0020 00       		.byte	0
 431 0021 03       		.uleb128 0x3
 432 0022 0E       		.uleb128 0xe
 433 0023 3A       		.uleb128 0x3a
 434 0024 0B       		.uleb128 0xb
 435 0025 3B       		.uleb128 0x3b
 436 0026 0B       		.uleb128 0xb
 437 0027 49       		.uleb128 0x49
 438 0028 13       		.uleb128 0x13
 439 0029 00       		.byte	0
 440 002a 00       		.byte	0
 441 002b 04       		.uleb128 0x4
 442 002c 24       		.uleb128 0x24
 443 002d 00       		.byte	0
 444 002e 0B       		.uleb128 0xb
 445 002f 0B       		.uleb128 0xb
 446 0030 3E       		.uleb128 0x3e
 447 0031 0B       		.uleb128 0xb
 448 0032 03       		.uleb128 0x3
 449 0033 08       		.uleb128 0x8
 450 0034 00       		.byte	0
 451 0035 00       		.byte	0
 452 0036 05       		.uleb128 0x5
 453 0037 16       		.uleb128 0x16
 454 0038 00       		.byte	0
 455 0039 03       		.uleb128 0x3
 456 003a 0E       		.uleb128 0xe
 457 003b 3A       		.uleb128 0x3a
 458 003c 0B       		.uleb128 0xb
 459 003d 3B       		.uleb128 0x3b
 460 003e 05       		.uleb128 0x5
 461 003f 49       		.uleb128 0x49
 462 0040 13       		.uleb128 0x13
 463 0041 00       		.byte	0
 464 0042 00       		.byte	0
 465 0043 06       		.uleb128 0x6
 466 0044 2E       		.uleb128 0x2e
 467 0045 01       		.byte	0x1
 468 0046 3F       		.uleb128 0x3f
 469 0047 19       		.uleb128 0x19
 470 0048 03       		.uleb128 0x3
ARM GAS  C:\Users\jdrd3\AppData\Local\Temp\ccIbMNUl.s 			page 10


 471 0049 0E       		.uleb128 0xe
 472 004a 3A       		.uleb128 0x3a
 473 004b 0B       		.uleb128 0xb
 474 004c 3B       		.uleb128 0x3b
 475 004d 0B       		.uleb128 0xb
 476 004e 27       		.uleb128 0x27
 477 004f 19       		.uleb128 0x19
 478 0050 49       		.uleb128 0x49
 479 0051 13       		.uleb128 0x13
 480 0052 8701     		.uleb128 0x87
 481 0054 19       		.uleb128 0x19
 482 0055 11       		.uleb128 0x11
 483 0056 01       		.uleb128 0x1
 484 0057 12       		.uleb128 0x12
 485 0058 06       		.uleb128 0x6
 486 0059 40       		.uleb128 0x40
 487 005a 18       		.uleb128 0x18
 488 005b 9642     		.uleb128 0x2116
 489 005d 19       		.uleb128 0x19
 490 005e 01       		.uleb128 0x1
 491 005f 13       		.uleb128 0x13
 492 0060 00       		.byte	0
 493 0061 00       		.byte	0
 494 0062 07       		.uleb128 0x7
 495 0063 34       		.uleb128 0x34
 496 0064 00       		.byte	0
 497 0065 03       		.uleb128 0x3
 498 0066 0E       		.uleb128 0xe
 499 0067 3A       		.uleb128 0x3a
 500 0068 0B       		.uleb128 0xb
 501 0069 3B       		.uleb128 0x3b
 502 006a 0B       		.uleb128 0xb
 503 006b 49       		.uleb128 0x49
 504 006c 13       		.uleb128 0x13
 505 006d 02       		.uleb128 0x2
 506 006e 17       		.uleb128 0x17
 507 006f 00       		.byte	0
 508 0070 00       		.byte	0
 509 0071 08       		.uleb128 0x8
 510 0072 34       		.uleb128 0x34
 511 0073 00       		.byte	0
 512 0074 03       		.uleb128 0x3
 513 0075 08       		.uleb128 0x8
 514 0076 3A       		.uleb128 0x3a
 515 0077 0B       		.uleb128 0xb
 516 0078 3B       		.uleb128 0x3b
 517 0079 0B       		.uleb128 0xb
 518 007a 49       		.uleb128 0x49
 519 007b 13       		.uleb128 0x13
 520 007c 02       		.uleb128 0x2
 521 007d 18       		.uleb128 0x18
 522 007e 00       		.byte	0
 523 007f 00       		.byte	0
 524 0080 09       		.uleb128 0x9
 525 0081 898201   		.uleb128 0x4109
 526 0084 00       		.byte	0
 527 0085 11       		.uleb128 0x11
ARM GAS  C:\Users\jdrd3\AppData\Local\Temp\ccIbMNUl.s 			page 11


 528 0086 01       		.uleb128 0x1
 529 0087 31       		.uleb128 0x31
 530 0088 13       		.uleb128 0x13
 531 0089 00       		.byte	0
 532 008a 00       		.byte	0
 533 008b 0A       		.uleb128 0xa
 534 008c 898201   		.uleb128 0x4109
 535 008f 01       		.byte	0x1
 536 0090 11       		.uleb128 0x11
 537 0091 01       		.uleb128 0x1
 538 0092 31       		.uleb128 0x31
 539 0093 13       		.uleb128 0x13
 540 0094 01       		.uleb128 0x1
 541 0095 13       		.uleb128 0x13
 542 0096 00       		.byte	0
 543 0097 00       		.byte	0
 544 0098 0B       		.uleb128 0xb
 545 0099 8A8201   		.uleb128 0x410a
 546 009c 00       		.byte	0
 547 009d 02       		.uleb128 0x2
 548 009e 18       		.uleb128 0x18
 549 009f 9142     		.uleb128 0x2111
 550 00a1 18       		.uleb128 0x18
 551 00a2 00       		.byte	0
 552 00a3 00       		.byte	0
 553 00a4 0C       		.uleb128 0xc
 554 00a5 898201   		.uleb128 0x4109
 555 00a8 01       		.byte	0x1
 556 00a9 11       		.uleb128 0x11
 557 00aa 01       		.uleb128 0x1
 558 00ab 31       		.uleb128 0x31
 559 00ac 13       		.uleb128 0x13
 560 00ad 00       		.byte	0
 561 00ae 00       		.byte	0
 562 00af 0D       		.uleb128 0xd
 563 00b0 01       		.uleb128 0x1
 564 00b1 01       		.byte	0x1
 565 00b2 49       		.uleb128 0x49
 566 00b3 13       		.uleb128 0x13
 567 00b4 01       		.uleb128 0x1
 568 00b5 13       		.uleb128 0x13
 569 00b6 00       		.byte	0
 570 00b7 00       		.byte	0
 571 00b8 0E       		.uleb128 0xe
 572 00b9 21       		.uleb128 0x21
 573 00ba 00       		.byte	0
 574 00bb 49       		.uleb128 0x49
 575 00bc 13       		.uleb128 0x13
 576 00bd 2F       		.uleb128 0x2f
 577 00be 0B       		.uleb128 0xb
 578 00bf 00       		.byte	0
 579 00c0 00       		.byte	0
 580 00c1 0F       		.uleb128 0xf
 581 00c2 34       		.uleb128 0x34
 582 00c3 00       		.byte	0
 583 00c4 03       		.uleb128 0x3
 584 00c5 0E       		.uleb128 0xe
ARM GAS  C:\Users\jdrd3\AppData\Local\Temp\ccIbMNUl.s 			page 12


 585 00c6 3A       		.uleb128 0x3a
 586 00c7 0B       		.uleb128 0xb
 587 00c8 3B       		.uleb128 0x3b
 588 00c9 05       		.uleb128 0x5
 589 00ca 49       		.uleb128 0x49
 590 00cb 13       		.uleb128 0x13
 591 00cc 3F       		.uleb128 0x3f
 592 00cd 19       		.uleb128 0x19
 593 00ce 3C       		.uleb128 0x3c
 594 00cf 19       		.uleb128 0x19
 595 00d0 00       		.byte	0
 596 00d1 00       		.byte	0
 597 00d2 10       		.uleb128 0x10
 598 00d3 35       		.uleb128 0x35
 599 00d4 00       		.byte	0
 600 00d5 49       		.uleb128 0x49
 601 00d6 13       		.uleb128 0x13
 602 00d7 00       		.byte	0
 603 00d8 00       		.byte	0
 604 00d9 11       		.uleb128 0x11
 605 00da 2E       		.uleb128 0x2e
 606 00db 00       		.byte	0
 607 00dc 3F       		.uleb128 0x3f
 608 00dd 19       		.uleb128 0x19
 609 00de 3C       		.uleb128 0x3c
 610 00df 19       		.uleb128 0x19
 611 00e0 6E       		.uleb128 0x6e
 612 00e1 0E       		.uleb128 0xe
 613 00e2 03       		.uleb128 0x3
 614 00e3 0E       		.uleb128 0xe
 615 00e4 3A       		.uleb128 0x3a
 616 00e5 0B       		.uleb128 0xb
 617 00e6 3B       		.uleb128 0x3b
 618 00e7 0B       		.uleb128 0xb
 619 00e8 00       		.byte	0
 620 00e9 00       		.byte	0
 621 00ea 00       		.byte	0
 622              		.section	.debug_loc,"",%progbits
 623              	.Ldebug_loc0:
 624              	.LLST0:
 625 0000 2A000000 		.4byte	.LVL6
 626 0004 2D000000 		.4byte	.LVL7-1
 627 0008 0100     		.2byte	0x1
 628 000a 50       		.byte	0x50
 629 000b 00000000 		.4byte	0
 630 000f 00000000 		.4byte	0
 631              	.LLST1:
 632 0013 3C000000 		.4byte	.LVL10
 633 0017 40000000 		.4byte	.LVL11
 634 001b 0100     		.2byte	0x1
 635 001d 50       		.byte	0x50
 636 001e 40000000 		.4byte	.LVL11
 637 0022 6C000000 		.4byte	.LFE64
 638 0026 0100     		.2byte	0x1
 639 0028 54       		.byte	0x54
 640 0029 00000000 		.4byte	0
 641 002d 00000000 		.4byte	0
ARM GAS  C:\Users\jdrd3\AppData\Local\Temp\ccIbMNUl.s 			page 13


 642              		.section	.debug_aranges,"",%progbits
 643 0000 1C000000 		.4byte	0x1c
 644 0004 0200     		.2byte	0x2
 645 0006 00000000 		.4byte	.Ldebug_info0
 646 000a 04       		.byte	0x4
 647 000b 00       		.byte	0
 648 000c 0000     		.2byte	0
 649 000e 0000     		.2byte	0
 650 0010 00000000 		.4byte	.LFB64
 651 0014 6C000000 		.4byte	.LFE64-.LFB64
 652 0018 00000000 		.4byte	0
 653 001c 00000000 		.4byte	0
 654              		.section	.debug_ranges,"",%progbits
 655              	.Ldebug_ranges0:
 656 0000 00000000 		.4byte	.LFB64
 657 0004 6C000000 		.4byte	.LFE64
 658 0008 00000000 		.4byte	0
 659 000c 00000000 		.4byte	0
 660              		.section	.debug_line,"",%progbits
 661              	.Ldebug_line0:
 662 0000 06020000 		.section	.debug_str,"MS",%progbits,1
 662      0200D101 
 662      00000201 
 662      FB0E0D00 
 662      01010101 
 663              	.LASF9:
 664 0000 5F5F696E 		.ascii	"__int32_t\000"
 664      7433325F 
 664      7400
 665              	.LASF3:
 666 000a 73686F72 		.ascii	"short unsigned int\000"
 666      7420756E 
 666      7369676E 
 666      65642069 
 666      6E7400
 667              	.LASF13:
 668 001d 646F7562 		.ascii	"double\000"
 668      6C6500
 669              	.LASF12:
 670 0024 666C6F61 		.ascii	"float\000"
 670      7400
 671              	.LASF19:
 672 002a 4C43445F 		.ascii	"LCD_Start\000"
 672      53746172 
 672      7400
 673              	.LASF1:
 674 0034 756E7369 		.ascii	"unsigned char\000"
 674      676E6564 
 674      20636861 
 674      7200
 675              	.LASF27:
 676 0042 474E5520 		.ascii	"GNU C11 5.4.1 20160609 (release) [ARM/embedded-5-br"
 676      43313120 
 676      352E342E 
 676      31203230 
 676      31363036 
 677 0075 616E6368 		.ascii	"anch revision 237715] -mcpu=cortex-m3 -mthumb -g -O"
ARM GAS  C:\Users\jdrd3\AppData\Local\Temp\ccIbMNUl.s 			page 14


 677      20726576 
 677      6973696F 
 677      6E203233 
 677      37373135 
 678 00a8 67202D66 		.ascii	"g -ffunction-sections -ffat-lto-objects\000"
 678      66756E63 
 678      74696F6E 
 678      2D736563 
 678      74696F6E 
 679              	.LASF23:
 680 00d0 4144435F 		.ascii	"ADC_StartConvert\000"
 680      53746172 
 680      74436F6E 
 680      76657274 
 680      00
 681              	.LASF24:
 682 00e1 4144435F 		.ascii	"ADC_IsEndConversion\000"
 682      4973456E 
 682      64436F6E 
 682      76657273 
 682      696F6E00 
 683              	.LASF11:
 684 00f5 696E7433 		.ascii	"int32\000"
 684      3200
 685              	.LASF31:
 686 00fb 49544D5F 		.ascii	"ITM_RxBuffer\000"
 686      52784275 
 686      66666572 
 686      00
 687              	.LASF25:
 688 0108 4144435F 		.ascii	"ADC_GetResult32\000"
 688      47657452 
 688      6573756C 
 688      74333200 
 689              	.LASF29:
 690 0118 433A5C55 		.ascii	"C:\\Users\\jdrd3\\Documents\\PSoC Creator\\Ejemplos"
 690      73657273 
 690      5C6A6472 
 690      64335C44 
 690      6F63756D 
 691 0146 5C414443 		.ascii	"\\ADC.cydsn\000"
 691      2E637964 
 691      736E00
 692              	.LASF5:
 693 0151 6C6F6E67 		.ascii	"long unsigned int\000"
 693      20756E73 
 693      69676E65 
 693      6420696E 
 693      7400
 694              	.LASF30:
 695 0163 6D61696E 		.ascii	"main\000"
 695      00
 696              	.LASF21:
 697 0168 4C43445F 		.ascii	"LCD_PrintString\000"
 697      5072696E 
 697      74537472 
 697      696E6700 
ARM GAS  C:\Users\jdrd3\AppData\Local\Temp\ccIbMNUl.s 			page 15


 698              	.LASF8:
 699 0178 756E7369 		.ascii	"unsigned int\000"
 699      676E6564 
 699      20696E74 
 699      00
 700              	.LASF7:
 701 0185 6C6F6E67 		.ascii	"long long unsigned int\000"
 701      206C6F6E 
 701      6720756E 
 701      7369676E 
 701      65642069 
 702              	.LASF20:
 703 019c 4C43445F 		.ascii	"LCD_Position\000"
 703      506F7369 
 703      74696F6E 
 703      00
 704              	.LASF22:
 705 01a9 4144435F 		.ascii	"ADC_Start\000"
 705      53746172 
 705      7400
 706              	.LASF10:
 707 01b3 696E7433 		.ascii	"int32_t\000"
 707      325F7400 
 708              	.LASF16:
 709 01bb 73697A65 		.ascii	"sizetype\000"
 709      74797065 
 709      00
 710              	.LASF6:
 711 01c4 6C6F6E67 		.ascii	"long long int\000"
 711      206C6F6E 
 711      6720696E 
 711      7400
 712              	.LASF28:
 713 01d2 6D61696E 		.ascii	"main.c\000"
 713      2E6300
 714              	.LASF14:
 715 01d9 63686172 		.ascii	"char\000"
 715      00
 716              	.LASF2:
 717 01de 73686F72 		.ascii	"short int\000"
 717      7420696E 
 717      7400
 718              	.LASF17:
 719 01e8 6F757470 		.ascii	"output\000"
 719      757400
 720              	.LASF4:
 721 01ef 6C6F6E67 		.ascii	"long int\000"
 721      20696E74 
 721      00
 722              	.LASF18:
 723 01f8 41444376 		.ascii	"ADCvoltaje\000"
 723      6F6C7461 
 723      6A6500
 724              	.LASF15:
 725 0203 6C6F6E67 		.ascii	"long double\000"
 725      20646F75 
 725      626C6500 
ARM GAS  C:\Users\jdrd3\AppData\Local\Temp\ccIbMNUl.s 			page 16


 726              	.LASF0:
 727 020f 7369676E 		.ascii	"signed char\000"
 727      65642063 
 727      68617200 
 728              	.LASF26:
 729 021b 73707269 		.ascii	"sprintf\000"
 729      6E746600 
 730              		.ident	"GCC: (GNU Tools for ARM Embedded Processors) 5.4.1 20160609 (release) [ARM/embedded-5-bran
